#
# There is insufficient memory for the Java Runtime Environment to continue.
# Native memory allocation (malloc) failed to allocate 1225456 bytes for Chunk::new
# Possible reasons:
#   The system is out of physical RAM or swap space
#   The process is running with CompressedOops enabled, and the Java Heap may be blocking the growth of the native heap
# Possible solutions:
#   Reduce memory load on the system
#   Increase physical memory or swap space
#   Check if swap backing store is full
#   Decrease Java heap size (-Xmx/-Xms)
#   Decrease number of Java threads
#   Decrease Java thread stack sizes (-Xss)
#   Set larger code cache with -XX:ReservedCodeCacheSize=
#   JVM is running with Unscaled Compressed Oops mode in which the Java heap is
#     placed in the first 4GB address space. The Java Heap base address is the
#     maximum limit for the native heap growth. Please use -XX:HeapBaseMinAddress
#     to set the Java Heap base and to place the Java Heap above 4GB virtual address.
# This output file may be truncated or incomplete.
#
#  Out of Memory Error (./src/hotspot/share/memory/arena.cpp:197), pid=19748, tid=44892
#
# JRE version: OpenJDK Runtime Environment (11.0.11+9) (build 11.0.11+9-b60-7590822)
# Java VM: OpenJDK 64-Bit Server VM (11.0.11+9-b60-7590822, mixed mode, tiered, compressed oops, g1 gc, windows-amd64)
# No core dump will be written. Minidumps are not enabled by default on client versions of Windows
#

---------------  S U M M A R Y ------------

Command Line: --add-opens=java.base/java.util=ALL-UNNAMED --add-opens=java.base/java.lang=ALL-UNNAMED --add-opens=java.base/java.lang.invoke=ALL-UNNAMED --add-opens=java.base/java.util=ALL-UNNAMED --add-opens=java.prefs/java.util.prefs=ALL-UNNAMED --add-opens=java.prefs/java.util.prefs=ALL-UNNAMED --add-opens=java.base/java.nio.charset=ALL-UNNAMED --add-opens=java.base/java.net=ALL-UNNAMED --add-opens=java.base/java.util.concurrent.atomic=ALL-UNNAMED -Xmx2048m -Dfile.encoding=UTF-8 -Duser.country=US -Duser.language=en -Duser.variant org.gradle.launcher.daemon.bootstrap.GradleDaemon 7.0.2

Host: 11th Gen Intel(R) Core(TM) i5-1135G7 @ 2.40GHz, 8 cores, 15G,  Windows 10 , 64 bit Build 22000 (10.0.22000.434)
Time: Mon Mar 21 02:23:00 2022 SE Asia Standard Time elapsed time: 15216.166957 seconds (0d 4h 13m 36s)

---------------  T H R E A D  ---------------

Current thread (0x0000011926eae000):  JavaThread "C2 CompilerThread0" daemon [_thread_in_native, id=44892, stack(0x0000001455f00000,0x0000001456000000)]


Current CompileTask:
C2:15216167 36362       4       org.jetbrains.kotlin.gradle.plugin.Android25ProjectHandler::getLibraryOutputTask (178 bytes)

Stack: [0x0000001455f00000,0x0000001456000000]
Native frames: (J=compiled Java code, j=interpreted, Vv=VM code, C=native code)
V  [jvm.dll+0x5f214a]
V  [jvm.dll+0x726fb5]
V  [jvm.dll+0x7285cd]
V  [jvm.dll+0x728c83]
V  [jvm.dll+0x243278]
V  [jvm.dll+0xbc53c]
V  [jvm.dll+0xbca3c]
V  [jvm.dll+0x353e7d]
V  [jvm.dll+0x19895c]
V  [jvm.dll+0x1fc2ee]
V  [jvm.dll+0x1fb3d4]
V  [jvm.dll+0x183d6c]
V  [jvm.dll+0x209a57]
V  [jvm.dll+0x2082a1]
V  [jvm.dll+0x6ef58f]
V  [jvm.dll+0x6e80b5]
V  [jvm.dll+0x5f1036]
C  [ucrtbase.dll+0x26c0c]
C  [KERNEL32.DLL+0x154e0]
C  [ntdll.dll+0x485b]


---------------  P R O C E S S  ---------------

Threads class SMR info:
_java_thread_list=0x00000119294abcc0, length=74, elements={
0x000001190a17d800, 0x0000011926e45000, 0x0000011926e48000, 0x0000011926ea6800,
0x0000011926ea9800, 0x0000011926eaa800, 0x0000011926eae000, 0x0000011926eaf000,
0x0000011926ebb800, 0x000001192701d800, 0x000001192701e800, 0x000001192701c000,
0x000001192701d000, 0x000001192a023800, 0x000001192a028800, 0x000001192a029800,
0x000001192a024800, 0x000001192a02b000, 0x000001192a032800, 0x000001192a02c800,
0x000001192a02f000, 0x000001192a02e000, 0x000001192a030800, 0x000001192e035000,
0x000001192e031800, 0x000001192e031000, 0x000001192e035800, 0x000001192e030000,
0x000001192e032800, 0x0000011930a8b000, 0x0000011929800000, 0x00000119297fc800,
0x00000119297fe800, 0x00000119297ff000, 0x000001192e02b000, 0x000001192e036800,
0x0000011929805000, 0x0000011930d75800, 0x0000011929800800, 0x00000119297fc000,
0x00000119297fd800, 0x0000011929808000, 0x0000011929809000, 0x0000011930d76000,
0x000001192e02c800, 0x000001192e02d800, 0x000001192e02e800, 0x000001192e02f000,
0x000001192e02a000, 0x000001192e038000, 0x000001192e039000, 0x000001192e034000,
0x0000011930a7e800, 0x0000011930a7d800, 0x0000011930a81000, 0x0000011930a80000,
0x0000011930a82000, 0x0000011930a7c000, 0x0000011930a82800, 0x0000011930a7d000,
0x0000011930a89000, 0x0000011930a83800, 0x0000011930a8a000, 0x0000011930a84000,
0x0000011930a88800, 0x0000011930a85000, 0x0000011930a86000, 0x0000011930a86800,
0x0000011930a87800, 0x0000011930d6b800, 0x0000011930d6d000, 0x0000011930d6c800,
0x0000011930d6f000, 0x0000011930d69000
}

Java Threads: ( => current thread )
  0x000001190a17d800 JavaThread "main" [_thread_blocked, id=44440, stack(0x0000001455300000,0x0000001455400000)]
  0x0000011926e45000 JavaThread "Reference Handler" daemon [_thread_blocked, id=9440, stack(0x0000001455a00000,0x0000001455b00000)]
  0x0000011926e48000 JavaThread "Finalizer" daemon [_thread_blocked, id=44872, stack(0x0000001455b00000,0x0000001455c00000)]
  0x0000011926ea6800 JavaThread "Signal Dispatcher" daemon [_thread_blocked, id=39184, stack(0x0000001455c00000,0x0000001455d00000)]
  0x0000011926ea9800 JavaThread "Attach Listener" daemon [_thread_blocked, id=1108, stack(0x0000001455d00000,0x0000001455e00000)]
  0x0000011926eaa800 JavaThread "Service Thread" daemon [_thread_blocked, id=39288, stack(0x0000001455e00000,0x0000001455f00000)]
=>0x0000011926eae000 JavaThread "C2 CompilerThread0" daemon [_thread_in_native, id=44892, stack(0x0000001455f00000,0x0000001456000000)]
  0x0000011926eaf000 JavaThread "C1 CompilerThread0" daemon [_thread_blocked, id=36584, stack(0x0000001456000000,0x0000001456100000)]
  0x0000011926ebb800 JavaThread "Sweeper thread" daemon [_thread_blocked, id=44632, stack(0x0000001456100000,0x0000001456200000)]
  0x000001192701d800 JavaThread "Common-Cleaner" daemon [_thread_blocked, id=20728, stack(0x0000001456200000,0x0000001456300000)]
  0x000001192701e800 JavaThread "Daemon health stats" [_thread_blocked, id=40132, stack(0x0000001456a00000,0x0000001456b00000)]
  0x000001192701c000 JavaThread "Incoming local TCP Connector on port 59290" [_thread_in_native, id=24816, stack(0x0000001456b00000,0x0000001456c00000)]
  0x000001192701d000 JavaThread "Daemon periodic checks" [_thread_blocked, id=45480, stack(0x0000001456c00000,0x0000001456d00000)]
  0x000001192a023800 JavaThread "Cache worker for file hash cache (C:\Users\LENOVO\.gradle\caches\7.0.2\fileHashes)" [_thread_blocked, id=7332, stack(0x0000001457400000,0x0000001457500000)]
  0x000001192a028800 JavaThread "File lock request listener" [_thread_in_native, id=7084, stack(0x0000001457500000,0x0000001457600000)]
  0x000001192a029800 JavaThread "Cache worker for journal cache (C:\Users\LENOVO\.gradle\caches\journal-1)" [_thread_blocked, id=33420, stack(0x0000001457900000,0x0000001457a00000)]
  0x000001192a024800 JavaThread "File watcher server" daemon [_thread_in_native, id=40276, stack(0x0000001457b00000,0x0000001457c00000)]
  0x000001192a02b000 JavaThread "File watcher consumer" daemon [_thread_blocked, id=15056, stack(0x0000001457c00000,0x0000001457d00000)]
  0x000001192a032800 JavaThread "Cache worker for execution history cache (C:\Users\LENOVO\.gradle\caches\7.0.2\executionHistory)" [_thread_blocked, id=46348, stack(0x0000001458000000,0x0000001458100000)]
  0x000001192a02c800 JavaThread "jar transforms" [_thread_blocked, id=47220, stack(0x0000001458200000,0x0000001458300000)]
  0x000001192a02f000 JavaThread "jar transforms Thread 2" [_thread_blocked, id=47224, stack(0x0000001458300000,0x0000001458400000)]
  0x000001192a02e000 JavaThread "Cache worker for file content cache (C:\Users\LENOVO\.gradle\caches\7.0.2\fileContent)" [_thread_blocked, id=47228, stack(0x0000001458400000,0x0000001458500000)]
  0x000001192a030800 JavaThread "jar transforms Thread 3" [_thread_blocked, id=47252, stack(0x0000001458600000,0x0000001458700000)]
  0x000001192e035000 JavaThread "jar transforms Thread 4" [_thread_blocked, id=47384, stack(0x0000001459000000,0x0000001459100000)]
  0x000001192e031800 JavaThread "jar transforms Thread 5" [_thread_blocked, id=47388, stack(0x0000001459100000,0x0000001459200000)]
  0x000001192e031000 JavaThread "jar transforms Thread 6" [_thread_blocked, id=47392, stack(0x0000001459200000,0x0000001459300000)]
  0x000001192e035800 JavaThread "jar transforms Thread 7" [_thread_blocked, id=47396, stack(0x0000001459300000,0x0000001459400000)]
  0x000001192e030000 JavaThread "jar transforms Thread 8" [_thread_blocked, id=47400, stack(0x0000001459400000,0x0000001459500000)]
  0x000001192e032800 JavaThread "Memory manager" [_thread_blocked, id=47436, stack(0x0000001459500000,0x0000001459600000)]
  0x0000011930a8b000 JavaThread "RMI Scheduler(0)" daemon [_thread_blocked, id=44464, stack(0x0000001456400000,0x0000001456500000)]
  0x0000011929800000 JavaThread "RMI GC Daemon" daemon [_thread_blocked, id=47408, stack(0x000000145ab00000,0x000000145ac00000)]
  0x00000119297fc800 JavaThread "RMI TCP Accept-0" daemon [_thread_in_native, id=45832, stack(0x000000145ac00000,0x000000145ad00000)]
  0x00000119297fe800 JavaThread "RMI Reaper" [_thread_blocked, id=19636, stack(0x000000145ad00000,0x000000145ae00000)]
  0x00000119297ff000 JavaThread "Cache worker for Java compile cache (C:\Users\LENOVO\.gradle\caches\7.0.2\javaCompile)" [_thread_blocked, id=45488, stack(0x000000145b300000,0x000000145b400000)]
  0x000001192e02b000 JavaThread "ForkJoinPool.commonPool-worker-3" daemon [_thread_blocked, id=52072, stack(0x000000145b400000,0x000000145b500000)]
  0x000001192e036800 JavaThread "ForkJoinPool.commonPool-worker-11" daemon [_thread_blocked, id=30208, stack(0x000000145b700000,0x000000145b800000)]
  0x0000011929805000 JavaThread "ForkJoinPool.commonPool-worker-5" daemon [_thread_blocked, id=30120, stack(0x000000145af00000,0x000000145b000000)]
  0x0000011930d75800 JavaThread "RMI TCP Connection(idle)" daemon [_thread_blocked, id=51644, stack(0x0000001459e00000,0x0000001459f00000)]
  0x0000011929800800 JavaThread "ForkJoinPool.commonPool-worker-7" daemon [_thread_blocked, id=49336, stack(0x000000145a900000,0x000000145aa00000)]
  0x00000119297fc000 JavaThread "ForkJoinPool.commonPool-worker-9" daemon [_thread_blocked, id=37572, stack(0x000000145aa00000,0x000000145ab00000)]
  0x00000119297fd800 JavaThread "ForkJoinPool.commonPool-worker-13" daemon [_thread_blocked, id=42600, stack(0x000000145b000000,0x000000145b100000)]
  0x0000011929808000 JavaThread "Daemon Thread 35" [_thread_blocked, id=38024, stack(0x0000001455000000,0x0000001455100000)]
  0x0000011929809000 JavaThread "Daemon worker Thread 35" [_thread_blocked, id=51924, stack(0x0000001456d00000,0x0000001456e00000)]
  0x0000011930d76000 JavaThread "RMI TCP Connection(idle)" daemon [_thread_blocked, id=50788, stack(0x0000001459d00000,0x0000001459e00000)]
  0x000001192e02c800 JavaThread "ForkJoinPool.commonPool-worker-15" daemon [_thread_blocked, id=51396, stack(0x000000145ae00000,0x000000145af00000)]
  0x000001192e02d800 JavaThread "Handler for socket connection from /127.0.0.1:59290 to /127.0.0.1:50262" [_thread_in_native, id=51288, stack(0x0000001455100000,0x0000001455200000)]
  0x000001192e02e800 JavaThread "Cancel handler" [_thread_blocked, id=46564, stack(0x0000001455200000,0x0000001455300000)]
  0x000001192e02f000 JavaThread "Asynchronous log dispatcher for DefaultDaemonConnection: socket connection from /127.0.0.1:59290 to /127.0.0.1:50262" [_thread_blocked, id=49036, stack(0x0000001456e00000,0x0000001456f00000)]
  0x000001192e02a000 JavaThread "Stdin handler" [_thread_blocked, id=20748, stack(0x0000001456f00000,0x0000001457000000)]
  0x000001192e038000 JavaThread "Daemon client event forwarder" [_thread_blocked, id=51088, stack(0x0000001457000000,0x0000001457100000)]
  0x000001192e039000 JavaThread "Cache worker for file hash cache (D:\Code\Android\DoAn\Figure\.gradle\7.0.2\fileHashes)" [_thread_blocked, id=50792, stack(0x0000001457100000,0x0000001457200000)]
  0x000001192e034000 JavaThread "Cache worker for checksums cache (D:\Code\Android\DoAn\Figure\.gradle\checksums)" [_thread_blocked, id=51964, stack(0x0000001457200000,0x0000001457300000)]
  0x0000011930a7e800 JavaThread "Cache worker for cache directory md-supplier (C:\Users\LENOVO\.gradle\caches\7.0.2\md-supplier)" [_thread_blocked, id=49728, stack(0x0000001457300000,0x0000001457400000)]
  0x0000011930a7d800 JavaThread "Cache worker for cache directory md-rule (C:\Users\LENOVO\.gradle\caches\7.0.2\md-rule)" [_thread_blocked, id=18944, stack(0x0000001457a00000,0x0000001457b00000)]
  0x0000011930a81000 JavaThread "Cache worker for dependencies-accessors (D:\Code\Android\DoAn\Figure\.gradle\7.0.2\dependencies-accessors)" [_thread_blocked, id=37124, stack(0x0000001457d00000,0x0000001457e00000)]
  0x0000011930a80000 JavaThread "Cache worker for Build Output Cleanup Cache (D:\Code\Android\DoAn\Figure\.gradle\buildOutputCleanup)" [_thread_blocked, id=51356, stack(0x0000001457e00000,0x0000001457f00000)]
  0x0000011930a82000 JavaThread "Build operations" [_thread_blocked, id=28232, stack(0x0000001457f00000,0x0000001458000000)]
  0x0000011930a7c000 JavaThread "Build operations Thread 2" [_thread_blocked, id=35316, stack(0x0000001458100000,0x0000001458200000)]
  0x0000011930a82800 JavaThread "Build operations Thread 3" [_thread_blocked, id=9992, stack(0x0000001458500000,0x0000001458600000)]
  0x0000011930a7d000 JavaThread "Build operations Thread 4" [_thread_blocked, id=7044, stack(0x0000001458700000,0x0000001458800000)]
  0x0000011930a89000 JavaThread "Build operations Thread 5" [_thread_blocked, id=42724, stack(0x0000001458800000,0x0000001458900000)]
  0x0000011930a83800 JavaThread "Build operations Thread 6" [_thread_blocked, id=46692, stack(0x0000001458900000,0x0000001458a00000)]
  0x0000011930a8a000 JavaThread "Build operations Thread 7" [_thread_blocked, id=50548, stack(0x0000001458a00000,0x0000001458b00000)]
  0x0000011930a84000 JavaThread "Build operations Thread 8" [_thread_blocked, id=25956, stack(0x0000001458b00000,0x0000001458c00000)]
  0x0000011930a88800 JavaThread "build event listener" [_thread_blocked, id=51284, stack(0x0000001458c00000,0x0000001458d00000)]
  0x0000011930a85000 JavaThread "build event listener" [_thread_blocked, id=34080, stack(0x0000001458d00000,0x0000001458e00000)]
  0x0000011930a86000 JavaThread "Execution worker for ':'" [_thread_in_Java, id=41072, stack(0x0000001458e00000,0x0000001458f00000)]
  0x0000011930a86800 JavaThread "Execution worker for ':' Thread 2" [_thread_blocked, id=13584, stack(0x0000001458f00000,0x0000001459000000)]
  0x0000011930a87800 JavaThread "Execution worker for ':' Thread 3" [_thread_blocked, id=51172, stack(0x0000001459600000,0x0000001459700000)]
  0x0000011930d6b800 JavaThread "Execution worker for ':' Thread 4" [_thread_blocked, id=49260, stack(0x0000001459700000,0x0000001459800000)]
  0x0000011930d6d000 JavaThread "Execution worker for ':' Thread 5" [_thread_blocked, id=43440, stack(0x0000001459800000,0x0000001459900000)]
  0x0000011930d6c800 JavaThread "Execution worker for ':' Thread 6" [_thread_blocked, id=39712, stack(0x0000001459900000,0x0000001459a00000)]
  0x0000011930d6f000 JavaThread "Execution worker for ':' Thread 7" [_thread_blocked, id=47120, stack(0x0000001459a00000,0x0000001459b00000)]
  0x0000011930d69000 JavaThread "Cache worker for execution history cache (D:\Code\Android\DoAn\Figure\.gradle\7.0.2\executionHistory)" [_thread_blocked, id=29468, stack(0x0000001459b00000,0x0000001459c00000)]

Other Threads:
  0x0000011926e40000 VMThread "VM Thread" [stack: 0x0000001455900000,0x0000001455a00000] [id=16812]
  0x0000011927059800 WatcherThread [stack: 0x0000001456300000,0x0000001456400000] [id=44556]
  0x000001190a196000 GCTaskThread "GC Thread#0" [stack: 0x0000001455400000,0x0000001455500000] [id=13096]
  0x0000011927c2f800 GCTaskThread "GC Thread#1" [stack: 0x0000001456500000,0x0000001456600000] [id=37712]
  0x0000011927d66800 GCTaskThread "GC Thread#2" [stack: 0x0000001456600000,0x0000001456700000] [id=31556]
  0x0000011927e82000 GCTaskThread "GC Thread#3" [stack: 0x0000001456700000,0x0000001456800000] [id=10596]
  0x0000011927cfb800 GCTaskThread "GC Thread#4" [stack: 0x0000001456800000,0x0000001456900000] [id=41244]
  0x0000011927d83000 GCTaskThread "GC Thread#5" [stack: 0x0000001456900000,0x0000001456a00000] [id=12720]
  0x0000011928740000 GCTaskThread "GC Thread#6" [stack: 0x0000001457600000,0x0000001457700000] [id=27776]
  0x000001192985f800 GCTaskThread "GC Thread#7" [stack: 0x0000001457700000,0x0000001457800000] [id=44316]
  0x000001190a1c8800 ConcurrentGCThread "G1 Main Marker" [stack: 0x0000001455500000,0x0000001455600000] [id=45112]
  0x000001190a1ca000 ConcurrentGCThread "G1 Conc#0" [stack: 0x0000001455600000,0x0000001455700000] [id=40244]
  0x00000119291f8800 ConcurrentGCThread "G1 Conc#1" [stack: 0x0000001457800000,0x0000001457900000] [id=46128]
  0x000001190a25e800 ConcurrentGCThread "G1 Refine#0" [stack: 0x0000001455700000,0x0000001455800000] [id=27180]
  0x000001192648c800 ConcurrentGCThread "G1 Young RemSet Sampling" [stack: 0x0000001455800000,0x0000001455900000] [id=46424]

Threads with active compile tasks:
C2 CompilerThread015216235 36362       4       org.jetbrains.kotlin.gradle.plugin.Android25ProjectHandler::getLibraryOutputTask (178 bytes)

VM state:not at safepoint (normal execution)

VM Mutex/Monitor currently owned by a thread: None

Heap address: 0x0000000080000000, size: 2048 MB, Compressed Oops mode: 32-bit
Narrow klass base: 0x0000000000000000, Narrow klass shift: 3
Compressed class space size: 1073741824 Address: 0x0000000100000000

Heap:
 garbage-first heap   total 334848K, used 199273K [0x0000000080000000, 0x0000000100000000)
  region size 1024K, 67 young (68608K), 7 survivors (7168K)
 Metaspace       used 134341K, capacity 139451K, committed 139648K, reserved 1171456K
  class space    used 16446K, capacity 18318K, committed 18380K, reserved 1048576K
Heap Regions: E=young(eden), S=young(survivor), O=old, HS=humongous(starts), HC=humongous(continues), CS=collection set, F=free, A=archive, TAMS=top-at-mark-start (previous, next)
|   0|0x0000000080000000, 0x0000000080100000, 0x0000000080100000|100%| O|  |TAMS 0x0000000080100000, 0x0000000080000000| Untracked 
|   1|0x0000000080100000, 0x0000000080200000, 0x0000000080200000|100%| O|  |TAMS 0x0000000080200000, 0x0000000080100000| Untracked 
|   2|0x0000000080200000, 0x0000000080300000, 0x0000000080300000|100%| O|  |TAMS 0x0000000080300000, 0x0000000080200000| Untracked 
|   3|0x0000000080300000, 0x0000000080400000, 0x0000000080400000|100%|HS|  |TAMS 0x0000000080400000, 0x0000000080300000| Complete 
|   4|0x0000000080400000, 0x0000000080500000, 0x0000000080500000|100%|HC|  |TAMS 0x0000000080500000, 0x0000000080400000| Complete 
|   5|0x0000000080500000, 0x0000000080600000, 0x0000000080600000|100%|HC|  |TAMS 0x0000000080600000, 0x0000000080500000| Complete 
|   6|0x0000000080600000, 0x0000000080700000, 0x0000000080700000|100%| O|  |TAMS 0x0000000080700000, 0x0000000080600000| Untracked 
|   7|0x0000000080700000, 0x0000000080800000, 0x0000000080800000|100%| O|  |TAMS 0x0000000080800000, 0x0000000080700000| Untracked 
|   8|0x0000000080800000, 0x0000000080900000, 0x0000000080900000|100%| O|  |TAMS 0x0000000080900000, 0x0000000080800000| Complete 
|   9|0x0000000080900000, 0x0000000080a00000, 0x0000000080a00000|100%| O|  |TAMS 0x0000000080a00000, 0x0000000080900000| Untracked 
|  10|0x0000000080a00000, 0x0000000080b00000, 0x0000000080b00000|100%| O|  |TAMS 0x0000000080b00000, 0x0000000080a00000| Untracked 
|  11|0x0000000080b00000, 0x0000000080c00000, 0x0000000080c00000|100%| O|  |TAMS 0x0000000080c00000, 0x0000000080b00000| Untracked 
|  12|0x0000000080c00000, 0x0000000080d00000, 0x0000000080d00000|100%| O|  |TAMS 0x0000000080d00000, 0x0000000080c00000| Complete 
|  13|0x0000000080d00000, 0x0000000080e00000, 0x0000000080e00000|100%| O|  |TAMS 0x0000000080e00000, 0x0000000080d00000| Complete 
|  14|0x0000000080e00000, 0x0000000080f00000, 0x0000000080f00000|100%| O|  |TAMS 0x0000000080f00000, 0x0000000080e00000| Untracked 
|  15|0x0000000080f00000, 0x0000000081000000, 0x0000000081000000|100%| O|  |TAMS 0x0000000081000000, 0x0000000080f00000| Complete 
|  16|0x0000000081000000, 0x0000000081100000, 0x0000000081100000|100%| O|  |TAMS 0x0000000081100000, 0x0000000081000000| Complete 
|  17|0x0000000081100000, 0x0000000081200000, 0x0000000081200000|100%|HS|  |TAMS 0x0000000081200000, 0x0000000081100000| Complete 
|  18|0x0000000081200000, 0x0000000081300000, 0x0000000081300000|100%|HS|  |TAMS 0x0000000081300000, 0x0000000081200000| Complete 
|  19|0x0000000081300000, 0x0000000081400000, 0x0000000081400000|100%|HS|  |TAMS 0x0000000081400000, 0x0000000081300000| Complete 
|  20|0x0000000081400000, 0x0000000081500000, 0x0000000081500000|100%|HS|  |TAMS 0x0000000081500000, 0x0000000081400000| Complete 
|  21|0x0000000081500000, 0x0000000081600000, 0x0000000081600000|100%|HC|  |TAMS 0x0000000081600000, 0x0000000081500000| Complete 
|  22|0x0000000081600000, 0x0000000081700000, 0x0000000081700000|100%|HC|  |TAMS 0x0000000081700000, 0x0000000081600000| Complete 
|  23|0x0000000081700000, 0x0000000081800000, 0x0000000081800000|100%|HS|  |TAMS 0x0000000081800000, 0x0000000081700000| Complete 
|  24|0x0000000081800000, 0x0000000081900000, 0x0000000081900000|100%|HC|  |TAMS 0x0000000081900000, 0x0000000081800000| Complete 
|  25|0x0000000081900000, 0x0000000081a00000, 0x0000000081a00000|100%| O|  |TAMS 0x0000000081a00000, 0x0000000081900000| Complete 
|  26|0x0000000081a00000, 0x0000000081b00000, 0x0000000081b00000|100%| O|  |TAMS 0x0000000081b00000, 0x0000000081a00000| Complete 
|  27|0x0000000081b00000, 0x0000000081c00000, 0x0000000081c00000|100%| O|  |TAMS 0x0000000081c00000, 0x0000000081b00000| Complete 
|  28|0x0000000081c00000, 0x0000000081d00000, 0x0000000081d00000|100%| O|  |TAMS 0x0000000081d00000, 0x0000000081c00000| Complete 
|  29|0x0000000081d00000, 0x0000000081e00000, 0x0000000081e00000|100%| O|  |TAMS 0x0000000081e00000, 0x0000000081d00000| Complete 
|  30|0x0000000081e00000, 0x0000000081f00000, 0x0000000081f00000|100%| O|  |TAMS 0x0000000081f00000, 0x0000000081e00000| Complete 
|  31|0x0000000081f00000, 0x0000000082000000, 0x0000000082000000|100%| O|  |TAMS 0x0000000082000000, 0x0000000081f00000| Untracked 
|  32|0x0000000082000000, 0x0000000082100000, 0x0000000082100000|100%| O|  |TAMS 0x0000000082100000, 0x0000000082000000| Untracked 
|  33|0x0000000082100000, 0x0000000082200000, 0x0000000082200000|100%| O|  |TAMS 0x0000000082200000, 0x0000000082100000| Untracked 
|  34|0x0000000082200000, 0x0000000082300000, 0x0000000082300000|100%| O|  |TAMS 0x0000000082300000, 0x0000000082200000| Untracked 
|  35|0x0000000082300000, 0x0000000082400000, 0x0000000082400000|100%| O|  |TAMS 0x0000000082400000, 0x0000000082300000| Untracked 
|  36|0x0000000082400000, 0x0000000082500000, 0x0000000082500000|100%| O|  |TAMS 0x0000000082500000, 0x0000000082400000| Complete 
|  37|0x0000000082500000, 0x0000000082600000, 0x0000000082600000|100%| O|  |TAMS 0x0000000082600000, 0x0000000082500000| Complete 
|  38|0x0000000082600000, 0x0000000082700000, 0x0000000082700000|100%| O|  |TAMS 0x0000000082700000, 0x0000000082600000| Complete 
|  39|0x0000000082700000, 0x0000000082800000, 0x0000000082800000|100%| O|  |TAMS 0x0000000082800000, 0x0000000082700000| Complete 
|  40|0x0000000082800000, 0x0000000082900000, 0x0000000082900000|100%| O|  |TAMS 0x0000000082900000, 0x0000000082800000| Complete 
|  41|0x0000000082900000, 0x0000000082a00000, 0x0000000082a00000|100%| O|  |TAMS 0x0000000082a00000, 0x0000000082900000| Complete 
|  42|0x0000000082a00000, 0x0000000082b00000, 0x0000000082b00000|100%| O|  |TAMS 0x0000000082b00000, 0x0000000082a00000| Complete 
|  43|0x0000000082b00000, 0x0000000082c00000, 0x0000000082c00000|100%| O|  |TAMS 0x0000000082c00000, 0x0000000082b00000| Complete 
|  44|0x0000000082c00000, 0x0000000082d00000, 0x0000000082d00000|100%| O|  |TAMS 0x0000000082d00000, 0x0000000082c00000| Untracked 
|  45|0x0000000082d00000, 0x0000000082e00000, 0x0000000082e00000|100%| O|  |TAMS 0x0000000082e00000, 0x0000000082d00000| Complete 
|  46|0x0000000082e00000, 0x0000000082f00000, 0x0000000082f00000|100%| O|  |TAMS 0x0000000082f00000, 0x0000000082e00000| Complete 
|  47|0x0000000082f00000, 0x0000000083000000, 0x0000000083000000|100%| O|  |TAMS 0x0000000083000000, 0x0000000082f00000| Complete 
|  48|0x0000000083000000, 0x0000000083100000, 0x0000000083100000|100%| O|  |TAMS 0x0000000083100000, 0x0000000083000000| Complete 
|  49|0x0000000083100000, 0x0000000083200000, 0x0000000083200000|100%| O|  |TAMS 0x0000000083200000, 0x0000000083100000| Complete 
|  50|0x0000000083200000, 0x0000000083300000, 0x0000000083300000|100%| O|  |TAMS 0x0000000083300000, 0x0000000083200000| Complete 
|  51|0x0000000083300000, 0x0000000083400000, 0x0000000083400000|100%| O|  |TAMS 0x0000000083400000, 0x0000000083300000| Complete 
|  52|0x0000000083400000, 0x0000000083500000, 0x0000000083500000|100%| O|  |TAMS 0x0000000083500000, 0x0000000083400000| Complete 
|  53|0x0000000083500000, 0x0000000083600000, 0x0000000083600000|100%|HS|  |TAMS 0x0000000083500000, 0x0000000083500000| Complete 
|  54|0x0000000083600000, 0x0000000083700000, 0x0000000083700000|100%| O|  |TAMS 0x0000000083700000, 0x0000000083600000| Complete 
|  55|0x0000000083700000, 0x0000000083800000, 0x0000000083800000|100%| O|  |TAMS 0x0000000083800000, 0x0000000083700000| Complete 
|  56|0x0000000083800000, 0x0000000083900000, 0x0000000083900000|100%| O|  |TAMS 0x0000000083900000, 0x0000000083800000| Complete 
|  57|0x0000000083900000, 0x0000000083a00000, 0x0000000083a00000|100%| O|  |TAMS 0x0000000083a00000, 0x0000000083900000| Complete 
|  58|0x0000000083a00000, 0x0000000083b00000, 0x0000000083b00000|100%| O|  |TAMS 0x0000000083b00000, 0x0000000083a00000| Complete 
|  59|0x0000000083b00000, 0x0000000083c00000, 0x0000000083c00000|100%| O|  |TAMS 0x0000000083c00000, 0x0000000083b00000| Complete 
|  60|0x0000000083c00000, 0x0000000083d00000, 0x0000000083d00000|100%| O|  |TAMS 0x0000000083d00000, 0x0000000083c00000| Complete 
|  61|0x0000000083d00000, 0x0000000083e00000, 0x0000000083e00000|100%| O|  |TAMS 0x0000000083e00000, 0x0000000083d00000| Complete 
|  62|0x0000000083e00000, 0x0000000083f00000, 0x0000000083f00000|100%| O|  |TAMS 0x0000000083f00000, 0x0000000083e00000| Complete 
|  63|0x0000000083f00000, 0x0000000083f00000, 0x0000000084000000|  0%| F|  |TAMS 0x0000000083f00000, 0x0000000083f00000| Untracked 
|  64|0x0000000084000000, 0x0000000084100000, 0x0000000084100000|100%| O|  |TAMS 0x0000000084100000, 0x0000000084000000| Complete 
|  65|0x0000000084100000, 0x0000000084200000, 0x0000000084200000|100%| O|  |TAMS 0x0000000084200000, 0x0000000084100000| Complete 
|  66|0x0000000084200000, 0x0000000084300000, 0x0000000084300000|100%| O|  |TAMS 0x0000000084300000, 0x0000000084200000| Complete 
|  67|0x0000000084300000, 0x0000000084400000, 0x0000000084400000|100%| O|  |TAMS 0x0000000084400000, 0x0000000084300000| Untracked 
|  68|0x0000000084400000, 0x0000000084500000, 0x0000000084500000|100%| O|  |TAMS 0x0000000084500000, 0x0000000084400000| Complete 
|  69|0x0000000084500000, 0x0000000084500000, 0x0000000084600000|  0%| F|  |TAMS 0x0000000084500000, 0x0000000084500000| Untracked 
|  70|0x0000000084600000, 0x0000000084700000, 0x0000000084700000|100%| O|  |TAMS 0x0000000084700000, 0x0000000084600000| Complete 
|  71|0x0000000084700000, 0x0000000084800000, 0x0000000084800000|100%| O|  |TAMS 0x0000000084800000, 0x0000000084700000| Complete 
|  72|0x0000000084800000, 0x0000000084900000, 0x0000000084900000|100%| O|  |TAMS 0x0000000084900000, 0x0000000084800000| Complete 
|  73|0x0000000084900000, 0x0000000084a00000, 0x0000000084a00000|100%| O|  |TAMS 0x0000000084a00000, 0x0000000084900000| Complete 
|  74|0x0000000084a00000, 0x0000000084b00000, 0x0000000084b00000|100%| O|  |TAMS 0x0000000084b00000, 0x0000000084a00000| Complete 
|  75|0x0000000084b00000, 0x0000000084c00000, 0x0000000084c00000|100%| O|  |TAMS 0x0000000084c00000, 0x0000000084b00000| Complete 
|  76|0x0000000084c00000, 0x0000000084d00000, 0x0000000084d00000|100%| O|  |TAMS 0x0000000084d00000, 0x0000000084c00000| Complete 
|  77|0x0000000084d00000, 0x0000000084e00000, 0x0000000084e00000|100%| O|  |TAMS 0x0000000084e00000, 0x0000000084d00000| Untracked 
|  78|0x0000000084e00000, 0x0000000084f00000, 0x0000000084f00000|100%| O|  |TAMS 0x0000000084f00000, 0x0000000084e00000| Complete 
|  79|0x0000000084f00000, 0x0000000085000000, 0x0000000085000000|100%| O|  |TAMS 0x0000000085000000, 0x0000000084f00000| Untracked 
|  80|0x0000000085000000, 0x0000000085100000, 0x0000000085100000|100%| O|  |TAMS 0x0000000085100000, 0x0000000085000000| Complete 
|  81|0x0000000085100000, 0x0000000085200000, 0x0000000085200000|100%| O|  |TAMS 0x0000000085200000, 0x0000000085100000| Complete 
|  82|0x0000000085200000, 0x0000000085300000, 0x0000000085300000|100%| O|  |TAMS 0x0000000085300000, 0x0000000085200000| Complete 
|  83|0x0000000085300000, 0x0000000085400000, 0x0000000085400000|100%| O|  |TAMS 0x0000000085400000, 0x0000000085300000| Complete 
|  84|0x0000000085400000, 0x0000000085500000, 0x0000000085500000|100%| O|  |TAMS 0x0000000085500000, 0x0000000085400000| Untracked 
|  85|0x0000000085500000, 0x0000000085600000, 0x0000000085600000|100%| O|  |TAMS 0x0000000085600000, 0x0000000085500000| Complete 
|  86|0x0000000085600000, 0x0000000085700000, 0x0000000085700000|100%| O|  |TAMS 0x0000000085700000, 0x0000000085600000| Untracked 
|  87|0x0000000085700000, 0x0000000085751a00, 0x0000000085800000| 31%| O|  |TAMS 0x0000000085751a00, 0x0000000085700000| Untracked 
|  88|0x0000000085800000, 0x0000000085900000, 0x0000000085900000|100%|HS|  |TAMS 0x0000000085800000, 0x0000000085800000| Complete 
|  89|0x0000000085900000, 0x0000000085a00000, 0x0000000085a00000|100%|HC|  |TAMS 0x0000000085900000, 0x0000000085900000| Complete 
|  90|0x0000000085a00000, 0x0000000085b00000, 0x0000000085b00000|100%| O|  |TAMS 0x0000000085b00000, 0x0000000085a00000| Complete 
|  91|0x0000000085b00000, 0x0000000085c00000, 0x0000000085c00000|100%| O|  |TAMS 0x0000000085c00000, 0x0000000085b00000| Complete 
|  92|0x0000000085c00000, 0x0000000085d00000, 0x0000000085d00000|100%|HS|  |TAMS 0x0000000085c00000, 0x0000000085c00000| Complete 
|  93|0x0000000085d00000, 0x0000000085e00000, 0x0000000085e00000|100%|HC|  |TAMS 0x0000000085d00000, 0x0000000085d00000| Complete 
|  94|0x0000000085e00000, 0x0000000085f00000, 0x0000000085f00000|100%|HS|  |TAMS 0x0000000085e00000, 0x0000000085e00000| Complete 
|  95|0x0000000085f00000, 0x0000000086000000, 0x0000000086000000|100%|HC|  |TAMS 0x0000000085f00000, 0x0000000085f00000| Complete 
|  96|0x0000000086000000, 0x0000000086100000, 0x0000000086100000|100%|HS|  |TAMS 0x0000000086000000, 0x0000000086000000| Complete 
|  97|0x0000000086100000, 0x0000000086200000, 0x0000000086200000|100%|HC|  |TAMS 0x0000000086100000, 0x0000000086100000| Complete 
|  98|0x0000000086200000, 0x0000000086300000, 0x0000000086300000|100%|HS|  |TAMS 0x0000000086200000, 0x0000000086200000| Complete 
|  99|0x0000000086300000, 0x0000000086400000, 0x0000000086400000|100%|HC|  |TAMS 0x0000000086300000, 0x0000000086300000| Complete 
| 100|0x0000000086400000, 0x0000000086500000, 0x0000000086500000|100%| O|  |TAMS 0x0000000086500000, 0x0000000086400000| Complete 
| 101|0x0000000086500000, 0x0000000086600000, 0x0000000086600000|100%|HS|  |TAMS 0x0000000086500000, 0x0000000086500000| Complete 
| 102|0x0000000086600000, 0x0000000086700000, 0x0000000086700000|100%|HC|  |TAMS 0x0000000086600000, 0x0000000086600000| Complete 
| 103|0x0000000086700000, 0x0000000086800000, 0x0000000086800000|100%|HS|  |TAMS 0x0000000086700000, 0x0000000086700000| Complete 
| 104|0x0000000086800000, 0x0000000086900000, 0x0000000086900000|100%|HC|  |TAMS 0x0000000086800000, 0x0000000086800000| Complete 
| 105|0x0000000086900000, 0x0000000086a00000, 0x0000000086a00000|100%|HS|  |TAMS 0x0000000086900000, 0x0000000086900000| Complete 
| 106|0x0000000086a00000, 0x0000000086b00000, 0x0000000086b00000|100%|HC|  |TAMS 0x0000000086a00000, 0x0000000086a00000| Complete 
| 107|0x0000000086b00000, 0x0000000086b00000, 0x0000000086c00000|  0%| F|  |TAMS 0x0000000086b00000, 0x0000000086b00000| Untracked 
| 108|0x0000000086c00000, 0x0000000086d00000, 0x0000000086d00000|100%| O|  |TAMS 0x0000000086d00000, 0x0000000086c00000| Complete 
| 109|0x0000000086d00000, 0x0000000086e00000, 0x0000000086e00000|100%| O|  |TAMS 0x0000000086e00000, 0x0000000086d00000| Complete 
| 110|0x0000000086e00000, 0x0000000086f00000, 0x0000000086f00000|100%| O|  |TAMS 0x0000000086f00000, 0x0000000086e00000| Complete 
| 111|0x0000000086f00000, 0x0000000087000000, 0x0000000087000000|100%| O|  |TAMS 0x0000000087000000, 0x0000000086f00000| Untracked 
| 112|0x0000000087000000, 0x0000000087100000, 0x0000000087100000|100%|HS|  |TAMS 0x0000000087000000, 0x0000000087000000| Complete 
| 113|0x0000000087100000, 0x0000000087200000, 0x0000000087200000|100%|HC|  |TAMS 0x0000000087100000, 0x0000000087100000| Complete 
| 114|0x0000000087200000, 0x0000000087200000, 0x0000000087300000|  0%| F|  |TAMS 0x0000000087200000, 0x0000000087200000| Untracked 
| 115|0x0000000087300000, 0x0000000087400000, 0x0000000087400000|100%| O|  |TAMS 0x0000000087400000, 0x0000000087300000| Untracked 
| 116|0x0000000087400000, 0x0000000087400000, 0x0000000087500000|  0%| F|  |TAMS 0x0000000087400000, 0x0000000087400000| Untracked 
| 117|0x0000000087500000, 0x0000000087600000, 0x0000000087600000|100%| O|  |TAMS 0x0000000087600000, 0x0000000087500000| Complete 
| 118|0x0000000087600000, 0x0000000087600000, 0x0000000087700000|  0%| F|  |TAMS 0x0000000087600000, 0x0000000087600000| Untracked 
| 119|0x0000000087700000, 0x0000000087800000, 0x0000000087800000|100%| O|  |TAMS 0x0000000087800000, 0x0000000087700000| Complete 
| 120|0x0000000087800000, 0x0000000087900000, 0x0000000087900000|100%| O|  |TAMS 0x0000000087900000, 0x0000000087800000| Complete 
| 121|0x0000000087900000, 0x0000000087a00000, 0x0000000087a00000|100%| O|  |TAMS 0x0000000087a00000, 0x0000000087900000| Complete 
| 122|0x0000000087a00000, 0x0000000087b00000, 0x0000000087b00000|100%| O|  |TAMS 0x0000000087b00000, 0x0000000087a00000| Complete 
| 123|0x0000000087b00000, 0x0000000087c00000, 0x0000000087c00000|100%| O|  |TAMS 0x0000000087c00000, 0x0000000087b00000| Complete 
| 124|0x0000000087c00000, 0x0000000087c00000, 0x0000000087d00000|  0%| F|  |TAMS 0x0000000087c00000, 0x0000000087c00000| Untracked 
| 125|0x0000000087d00000, 0x0000000087e00000, 0x0000000087e00000|100%| O|  |TAMS 0x0000000087e00000, 0x0000000087d00000| Complete 
| 126|0x0000000087e00000, 0x0000000087f00000, 0x0000000087f00000|100%| O|  |TAMS 0x0000000087f00000, 0x0000000087e00000| Complete 
| 127|0x0000000087f00000, 0x0000000088000000, 0x0000000088000000|100%|HS|  |TAMS 0x0000000087f00000, 0x0000000087f00000| Complete 
| 128|0x0000000088000000, 0x0000000088100000, 0x0000000088100000|100%|HC|  |TAMS 0x0000000088000000, 0x0000000088000000| Complete 
| 129|0x0000000088100000, 0x0000000088100000, 0x0000000088200000|  0%| F|  |TAMS 0x0000000088100000, 0x0000000088100000| Untracked 
| 130|0x0000000088200000, 0x0000000088300000, 0x0000000088300000|100%| O|  |TAMS 0x0000000088300000, 0x0000000088200000| Complete 
| 131|0x0000000088300000, 0x0000000088400000, 0x0000000088400000|100%|HS|  |TAMS 0x0000000088300000, 0x0000000088300000| Complete 
| 132|0x0000000088400000, 0x0000000088500000, 0x0000000088500000|100%|HC|  |TAMS 0x0000000088400000, 0x0000000088400000| Complete 
| 133|0x0000000088500000, 0x0000000088600000, 0x0000000088600000|100%|HS|  |TAMS 0x0000000088500000, 0x0000000088500000| Complete 
| 134|0x0000000088600000, 0x0000000088700000, 0x0000000088700000|100%|HC|  |TAMS 0x0000000088600000, 0x0000000088600000| Complete 
| 135|0x0000000088700000, 0x0000000088800000, 0x0000000088800000|100%|HS|  |TAMS 0x0000000088700000, 0x0000000088700000| Complete 
| 136|0x0000000088800000, 0x0000000088900000, 0x0000000088900000|100%|HC|  |TAMS 0x0000000088800000, 0x0000000088800000| Complete 
| 137|0x0000000088900000, 0x0000000088a00000, 0x0000000088a00000|100%|HS|  |TAMS 0x0000000088900000, 0x0000000088900000| Complete 
| 138|0x0000000088a00000, 0x0000000088b00000, 0x0000000088b00000|100%|HC|  |TAMS 0x0000000088a00000, 0x0000000088a00000| Complete 
| 139|0x0000000088b00000, 0x0000000088b00000, 0x0000000088c00000|  0%| F|  |TAMS 0x0000000088b00000, 0x0000000088b00000| Untracked 
| 140|0x0000000088c00000, 0x0000000088c00000, 0x0000000088d00000|  0%| F|  |TAMS 0x0000000088c00000, 0x0000000088c00000| Untracked 
| 141|0x0000000088d00000, 0x0000000088d00000, 0x0000000088e00000|  0%| F|  |TAMS 0x0000000088d00000, 0x0000000088d00000| Untracked 
| 142|0x0000000088e00000, 0x0000000088e00000, 0x0000000088f00000|  0%| F|  |TAMS 0x0000000088e00000, 0x0000000088e00000| Untracked 
| 143|0x0000000088f00000, 0x0000000088f00000, 0x0000000089000000|  0%| F|  |TAMS 0x0000000088f00000, 0x0000000088f00000| Untracked 
| 144|0x0000000089000000, 0x0000000089000000, 0x0000000089100000|  0%| F|  |TAMS 0x0000000089000000, 0x0000000089000000| Untracked 
| 145|0x0000000089100000, 0x0000000089100000, 0x0000000089200000|  0%| F|  |TAMS 0x0000000089100000, 0x0000000089100000| Untracked 
| 146|0x0000000089200000, 0x0000000089200000, 0x0000000089300000|  0%| F|  |TAMS 0x0000000089200000, 0x0000000089200000| Untracked 
| 147|0x0000000089300000, 0x0000000089300000, 0x0000000089400000|  0%| F|  |TAMS 0x0000000089300000, 0x0000000089300000| Untracked 
| 148|0x0000000089400000, 0x0000000089400000, 0x0000000089500000|  0%| F|  |TAMS 0x0000000089400000, 0x0000000089400000| Untracked 
| 149|0x0000000089500000, 0x0000000089500000, 0x0000000089600000|  0%| F|  |TAMS 0x0000000089500000, 0x0000000089500000| Untracked 
| 150|0x0000000089600000, 0x0000000089600000, 0x0000000089700000|  0%| F|  |TAMS 0x0000000089600000, 0x0000000089600000| Untracked 
| 151|0x0000000089700000, 0x0000000089700000, 0x0000000089800000|  0%| F|  |TAMS 0x0000000089700000, 0x0000000089700000| Untracked 
| 152|0x0000000089800000, 0x0000000089800000, 0x0000000089900000|  0%| F|  |TAMS 0x0000000089800000, 0x0000000089800000| Untracked 
| 153|0x0000000089900000, 0x0000000089900000, 0x0000000089a00000|  0%| F|  |TAMS 0x0000000089900000, 0x0000000089900000| Untracked 
| 154|0x0000000089a00000, 0x0000000089a00000, 0x0000000089b00000|  0%| F|  |TAMS 0x0000000089a00000, 0x0000000089a00000| Untracked 
| 155|0x0000000089b00000, 0x0000000089b00000, 0x0000000089c00000|  0%| F|  |TAMS 0x0000000089b00000, 0x0000000089b00000| Untracked 
| 156|0x0000000089c00000, 0x0000000089c00000, 0x0000000089d00000|  0%| F|  |TAMS 0x0000000089c00000, 0x0000000089c00000| Untracked 
| 157|0x0000000089d00000, 0x0000000089d00000, 0x0000000089e00000|  0%| F|  |TAMS 0x0000000089d00000, 0x0000000089d00000| Untracked 
| 158|0x0000000089e00000, 0x0000000089e00000, 0x0000000089f00000|  0%| F|  |TAMS 0x0000000089e00000, 0x0000000089e00000| Untracked 
| 159|0x0000000089f00000, 0x0000000089f00000, 0x000000008a000000|  0%| F|  |TAMS 0x0000000089f00000, 0x0000000089f00000| Untracked 
| 160|0x000000008a000000, 0x000000008a000000, 0x000000008a100000|  0%| F|  |TAMS 0x000000008a000000, 0x000000008a000000| Untracked 
| 161|0x000000008a100000, 0x000000008a100000, 0x000000008a200000|  0%| F|  |TAMS 0x000000008a100000, 0x000000008a100000| Untracked 
| 162|0x000000008a200000, 0x000000008a200000, 0x000000008a300000|  0%| F|  |TAMS 0x000000008a200000, 0x000000008a200000| Untracked 
| 163|0x000000008a300000, 0x000000008a300000, 0x000000008a400000|  0%| F|  |TAMS 0x000000008a300000, 0x000000008a300000| Untracked 
| 164|0x000000008a400000, 0x000000008a400000, 0x000000008a500000|  0%| F|  |TAMS 0x000000008a400000, 0x000000008a400000| Untracked 
| 165|0x000000008a500000, 0x000000008a500000, 0x000000008a600000|  0%| F|  |TAMS 0x000000008a500000, 0x000000008a500000| Untracked 
| 166|0x000000008a600000, 0x000000008a600000, 0x000000008a700000|  0%| F|  |TAMS 0x000000008a600000, 0x000000008a600000| Untracked 
| 167|0x000000008a700000, 0x000000008a700000, 0x000000008a800000|  0%| F|  |TAMS 0x000000008a700000, 0x000000008a700000| Untracked 
| 168|0x000000008a800000, 0x000000008a800000, 0x000000008a900000|  0%| F|  |TAMS 0x000000008a800000, 0x000000008a800000| Untracked 
| 169|0x000000008a900000, 0x000000008a900000, 0x000000008aa00000|  0%| F|  |TAMS 0x000000008a900000, 0x000000008a900000| Untracked 
| 170|0x000000008aa00000, 0x000000008aa00000, 0x000000008ab00000|  0%| F|  |TAMS 0x000000008aa00000, 0x000000008aa00000| Untracked 
| 171|0x000000008ab00000, 0x000000008ab00000, 0x000000008ac00000|  0%| F|  |TAMS 0x000000008ab00000, 0x000000008ab00000| Untracked 
| 172|0x000000008ac00000, 0x000000008ac00000, 0x000000008ad00000|  0%| F|  |TAMS 0x000000008ac00000, 0x000000008ac00000| Untracked 
| 173|0x000000008ad00000, 0x000000008ad00000, 0x000000008ae00000|  0%| F|  |TAMS 0x000000008ad00000, 0x000000008ad00000| Untracked 
| 174|0x000000008ae00000, 0x000000008ae00000, 0x000000008af00000|  0%| F|  |TAMS 0x000000008ae00000, 0x000000008ae00000| Untracked 
| 175|0x000000008af00000, 0x000000008af00000, 0x000000008b000000|  0%| F|  |TAMS 0x000000008af00000, 0x000000008af00000| Untracked 
| 176|0x000000008b000000, 0x000000008b000000, 0x000000008b100000|  0%| F|  |TAMS 0x000000008b000000, 0x000000008b000000| Untracked 
| 177|0x000000008b100000, 0x000000008b100000, 0x000000008b200000|  0%| F|  |TAMS 0x000000008b100000, 0x000000008b100000| Untracked 
| 178|0x000000008b200000, 0x000000008b200000, 0x000000008b300000|  0%| F|  |TAMS 0x000000008b200000, 0x000000008b200000| Untracked 
| 179|0x000000008b300000, 0x000000008b300000, 0x000000008b400000|  0%| F|  |TAMS 0x000000008b300000, 0x000000008b300000| Untracked 
| 180|0x000000008b400000, 0x000000008b400000, 0x000000008b500000|  0%| F|  |TAMS 0x000000008b400000, 0x000000008b400000| Untracked 
| 181|0x000000008b500000, 0x000000008b500000, 0x000000008b600000|  0%| F|  |TAMS 0x000000008b500000, 0x000000008b500000| Untracked 
| 182|0x000000008b600000, 0x000000008b600000, 0x000000008b700000|  0%| F|  |TAMS 0x000000008b600000, 0x000000008b600000| Untracked 
| 183|0x000000008b700000, 0x000000008b700000, 0x000000008b800000|  0%| F|  |TAMS 0x000000008b700000, 0x000000008b700000| Untracked 
| 184|0x000000008b800000, 0x000000008b800000, 0x000000008b900000|  0%| F|  |TAMS 0x000000008b800000, 0x000000008b800000| Untracked 
| 185|0x000000008b900000, 0x000000008b900000, 0x000000008ba00000|  0%| F|  |TAMS 0x000000008b900000, 0x000000008b900000| Untracked 
| 186|0x000000008ba00000, 0x000000008ba00000, 0x000000008bb00000|  0%| F|  |TAMS 0x000000008ba00000, 0x000000008ba00000| Untracked 
| 187|0x000000008bb00000, 0x000000008bb00000, 0x000000008bc00000|  0%| F|  |TAMS 0x000000008bb00000, 0x000000008bb00000| Untracked 
| 188|0x000000008bc00000, 0x000000008bc00000, 0x000000008bd00000|  0%| F|  |TAMS 0x000000008bc00000, 0x000000008bc00000| Untracked 
| 189|0x000000008bd00000, 0x000000008bd00000, 0x000000008be00000|  0%| F|  |TAMS 0x000000008bd00000, 0x000000008bd00000| Untracked 
| 190|0x000000008be00000, 0x000000008be00000, 0x000000008bf00000|  0%| F|  |TAMS 0x000000008be00000, 0x000000008be00000| Untracked 
| 191|0x000000008bf00000, 0x000000008bf00000, 0x000000008c000000|  0%| F|  |TAMS 0x000000008bf00000, 0x000000008bf00000| Untracked 
| 192|0x000000008c000000, 0x000000008c000000, 0x000000008c100000|  0%| F|  |TAMS 0x000000008c000000, 0x000000008c000000| Untracked 
| 193|0x000000008c100000, 0x000000008c100000, 0x000000008c200000|  0%| F|  |TAMS 0x000000008c100000, 0x000000008c100000| Untracked 
| 194|0x000000008c200000, 0x000000008c200000, 0x000000008c300000|  0%| F|  |TAMS 0x000000008c200000, 0x000000008c200000| Untracked 
| 195|0x000000008c300000, 0x000000008c300000, 0x000000008c400000|  0%| F|  |TAMS 0x000000008c300000, 0x000000008c300000| Untracked 
| 196|0x000000008c400000, 0x000000008c400000, 0x000000008c500000|  0%| F|  |TAMS 0x000000008c400000, 0x000000008c400000| Untracked 
| 197|0x000000008c500000, 0x000000008c500000, 0x000000008c600000|  0%| F|  |TAMS 0x000000008c500000, 0x000000008c500000| Untracked 
| 198|0x000000008c600000, 0x000000008c600000, 0x000000008c700000|  0%| F|  |TAMS 0x000000008c600000, 0x000000008c600000| Untracked 
| 199|0x000000008c700000, 0x000000008c700000, 0x000000008c800000|  0%| F|  |TAMS 0x000000008c700000, 0x000000008c700000| Untracked 
| 200|0x000000008c800000, 0x000000008c800000, 0x000000008c900000|  0%| F|  |TAMS 0x000000008c800000, 0x000000008c800000| Untracked 
| 201|0x000000008c900000, 0x000000008c900000, 0x000000008ca00000|  0%| F|  |TAMS 0x000000008c900000, 0x000000008c900000| Untracked 
| 202|0x000000008ca00000, 0x000000008ca00000, 0x000000008cb00000|  0%| F|  |TAMS 0x000000008ca00000, 0x000000008ca00000| Untracked 
| 203|0x000000008cb00000, 0x000000008cb00000, 0x000000008cc00000|  0%| F|  |TAMS 0x000000008cb00000, 0x000000008cb00000| Untracked 
| 204|0x000000008cc00000, 0x000000008cc00000, 0x000000008cd00000|  0%| F|  |TAMS 0x000000008cc00000, 0x000000008cc00000| Untracked 
| 205|0x000000008cd00000, 0x000000008cd00000, 0x000000008ce00000|  0%| F|  |TAMS 0x000000008cd00000, 0x000000008cd00000| Untracked 
| 206|0x000000008ce00000, 0x000000008ce00000, 0x000000008cf00000|  0%| F|  |TAMS 0x000000008ce00000, 0x000000008ce00000| Untracked 
| 207|0x000000008cf00000, 0x000000008cf00000, 0x000000008d000000|  0%| F|  |TAMS 0x000000008cf00000, 0x000000008cf00000| Untracked 
| 208|0x000000008d000000, 0x000000008d000000, 0x000000008d100000|  0%| F|  |TAMS 0x000000008d000000, 0x000000008d000000| Untracked 
| 209|0x000000008d100000, 0x000000008d100000, 0x000000008d200000|  0%| F|  |TAMS 0x000000008d100000, 0x000000008d100000| Untracked 
| 210|0x000000008d200000, 0x000000008d200000, 0x000000008d300000|  0%| F|  |TAMS 0x000000008d200000, 0x000000008d200000| Untracked 
| 211|0x000000008d300000, 0x000000008d300000, 0x000000008d400000|  0%| F|  |TAMS 0x000000008d300000, 0x000000008d300000| Untracked 
| 212|0x000000008d400000, 0x000000008d400000, 0x000000008d500000|  0%| F|  |TAMS 0x000000008d400000, 0x000000008d400000| Untracked 
| 213|0x000000008d500000, 0x000000008d500000, 0x000000008d600000|  0%| F|  |TAMS 0x000000008d500000, 0x000000008d500000| Untracked 
| 214|0x000000008d600000, 0x000000008d600000, 0x000000008d700000|  0%| F|  |TAMS 0x000000008d600000, 0x000000008d600000| Untracked 
| 215|0x000000008d700000, 0x000000008d700000, 0x000000008d800000|  0%| F|  |TAMS 0x000000008d700000, 0x000000008d700000| Untracked 
| 216|0x000000008d800000, 0x000000008d800000, 0x000000008d900000|  0%| F|  |TAMS 0x000000008d800000, 0x000000008d800000| Untracked 
| 217|0x000000008d900000, 0x000000008d900000, 0x000000008da00000|  0%| F|  |TAMS 0x000000008d900000, 0x000000008d900000| Untracked 
| 218|0x000000008da00000, 0x000000008da00000, 0x000000008db00000|  0%| F|  |TAMS 0x000000008da00000, 0x000000008da00000| Untracked 
| 219|0x000000008db00000, 0x000000008db00000, 0x000000008dc00000|  0%| F|  |TAMS 0x000000008db00000, 0x000000008db00000| Untracked 
| 220|0x000000008dc00000, 0x000000008dc00000, 0x000000008dd00000|  0%| F|  |TAMS 0x000000008dc00000, 0x000000008dc00000| Untracked 
| 221|0x000000008dd00000, 0x000000008dd00000, 0x000000008de00000|  0%| F|  |TAMS 0x000000008dd00000, 0x000000008dd00000| Untracked 
| 222|0x000000008de00000, 0x000000008de00000, 0x000000008df00000|  0%| F|  |TAMS 0x000000008de00000, 0x000000008de00000| Untracked 
| 223|0x000000008df00000, 0x000000008df00000, 0x000000008e000000|  0%| F|  |TAMS 0x000000008df00000, 0x000000008df00000| Untracked 
| 224|0x000000008e000000, 0x000000008e000000, 0x000000008e100000|  0%| F|  |TAMS 0x000000008e000000, 0x000000008e000000| Untracked 
| 225|0x000000008e100000, 0x000000008e100000, 0x000000008e200000|  0%| F|  |TAMS 0x000000008e100000, 0x000000008e100000| Untracked 
| 226|0x000000008e200000, 0x000000008e200000, 0x000000008e300000|  0%| F|  |TAMS 0x000000008e200000, 0x000000008e200000| Untracked 
| 227|0x000000008e300000, 0x000000008e300000, 0x000000008e400000|  0%| F|  |TAMS 0x000000008e300000, 0x000000008e300000| Untracked 
| 228|0x000000008e400000, 0x000000008e400000, 0x000000008e500000|  0%| F|  |TAMS 0x000000008e400000, 0x000000008e400000| Untracked 
| 229|0x000000008e500000, 0x000000008e500000, 0x000000008e600000|  0%| F|  |TAMS 0x000000008e500000, 0x000000008e500000| Untracked 
| 230|0x000000008e600000, 0x000000008e600000, 0x000000008e700000|  0%| F|  |TAMS 0x000000008e600000, 0x000000008e600000| Untracked 
| 231|0x000000008e700000, 0x000000008e748ae0, 0x000000008e800000| 28%| S|CS|TAMS 0x000000008e700000, 0x000000008e700000| Complete 
| 232|0x000000008e800000, 0x000000008e900000, 0x000000008e900000|100%| S|CS|TAMS 0x000000008e800000, 0x000000008e800000| Complete 
| 233|0x000000008e900000, 0x000000008ea00000, 0x000000008ea00000|100%| S|CS|TAMS 0x000000008e900000, 0x000000008e900000| Complete 
| 234|0x000000008ea00000, 0x000000008eb00000, 0x000000008eb00000|100%| S|CS|TAMS 0x000000008ea00000, 0x000000008ea00000| Complete 
| 235|0x000000008eb00000, 0x000000008ec00000, 0x000000008ec00000|100%| S|CS|TAMS 0x000000008eb00000, 0x000000008eb00000| Complete 
| 236|0x000000008ec00000, 0x000000008ed00000, 0x000000008ed00000|100%| S|CS|TAMS 0x000000008ec00000, 0x000000008ec00000| Complete 
| 237|0x000000008ed00000, 0x000000008ee00000, 0x000000008ee00000|100%| S|CS|TAMS 0x000000008ed00000, 0x000000008ed00000| Complete 
| 238|0x000000008ee00000, 0x000000008ee00000, 0x000000008ef00000|  0%| F|  |TAMS 0x000000008ee00000, 0x000000008ee00000| Untracked 
| 239|0x000000008ef00000, 0x000000008ef00000, 0x000000008f000000|  0%| F|  |TAMS 0x000000008ef00000, 0x000000008ef00000| Untracked 
| 240|0x000000008f000000, 0x000000008f000000, 0x000000008f100000|  0%| F|  |TAMS 0x000000008f000000, 0x000000008f000000| Untracked 
| 241|0x000000008f100000, 0x000000008f100000, 0x000000008f200000|  0%| F|  |TAMS 0x000000008f100000, 0x000000008f100000| Untracked 
| 242|0x000000008f200000, 0x000000008f200000, 0x000000008f300000|  0%| F|  |TAMS 0x000000008f200000, 0x000000008f200000| Untracked 
| 243|0x000000008f300000, 0x000000008f300000, 0x000000008f400000|  0%| F|  |TAMS 0x000000008f300000, 0x000000008f300000| Untracked 
| 244|0x000000008f400000, 0x000000008f400000, 0x000000008f500000|  0%| F|  |TAMS 0x000000008f400000, 0x000000008f400000| Untracked 
| 245|0x000000008f500000, 0x000000008f500000, 0x000000008f600000|  0%| F|  |TAMS 0x000000008f500000, 0x000000008f500000| Untracked 
| 246|0x000000008f600000, 0x000000008f600000, 0x000000008f700000|  0%| F|  |TAMS 0x000000008f600000, 0x000000008f600000| Untracked 
| 247|0x000000008f700000, 0x000000008f700000, 0x000000008f800000|  0%| F|  |TAMS 0x000000008f700000, 0x000000008f700000| Untracked 
| 248|0x000000008f800000, 0x000000008f800000, 0x000000008f900000|  0%| F|  |TAMS 0x000000008f800000, 0x000000008f800000| Untracked 
| 249|0x000000008f900000, 0x000000008f900000, 0x000000008fa00000|  0%| F|  |TAMS 0x000000008f900000, 0x000000008f900000| Untracked 
| 250|0x000000008fa00000, 0x000000008fa00000, 0x000000008fb00000|  0%| F|  |TAMS 0x000000008fa00000, 0x000000008fa00000| Untracked 
| 251|0x000000008fb00000, 0x000000008fb00000, 0x000000008fc00000|  0%| F|  |TAMS 0x000000008fb00000, 0x000000008fb00000| Untracked 
| 252|0x000000008fc00000, 0x000000008fc00000, 0x000000008fd00000|  0%| F|  |TAMS 0x000000008fc00000, 0x000000008fc00000| Untracked 
| 253|0x000000008fd00000, 0x000000008fd00000, 0x000000008fe00000|  0%| F|  |TAMS 0x000000008fd00000, 0x000000008fd00000| Untracked 
| 254|0x000000008fe00000, 0x000000008fe00000, 0x000000008ff00000|  0%| F|  |TAMS 0x000000008fe00000, 0x000000008fe00000| Untracked 
| 255|0x000000008ff00000, 0x000000008ff00000, 0x0000000090000000|  0%| F|  |TAMS 0x000000008ff00000, 0x000000008ff00000| Untracked 
| 256|0x0000000090000000, 0x0000000090000000, 0x0000000090100000|  0%| F|  |TAMS 0x0000000090000000, 0x0000000090000000| Untracked 
| 257|0x0000000090100000, 0x0000000090100000, 0x0000000090200000|  0%| F|  |TAMS 0x0000000090100000, 0x0000000090100000| Untracked 
| 258|0x0000000090200000, 0x0000000090200000, 0x0000000090300000|  0%| F|  |TAMS 0x0000000090200000, 0x0000000090200000| Untracked 
| 259|0x0000000090300000, 0x0000000090300000, 0x0000000090400000|  0%| F|  |TAMS 0x0000000090300000, 0x0000000090300000| Untracked 
| 260|0x0000000090400000, 0x0000000090400000, 0x0000000090500000|  0%| F|  |TAMS 0x0000000090400000, 0x0000000090400000| Untracked 
| 261|0x0000000090500000, 0x0000000090500000, 0x0000000090600000|  0%| F|  |TAMS 0x0000000090500000, 0x0000000090500000| Untracked 
| 262|0x0000000090600000, 0x0000000090600000, 0x0000000090700000|  0%| F|  |TAMS 0x0000000090600000, 0x0000000090600000| Untracked 
| 263|0x0000000090700000, 0x0000000090700000, 0x0000000090800000|  0%| F|  |TAMS 0x0000000090700000, 0x0000000090700000| Untracked 
| 264|0x0000000090800000, 0x0000000090800000, 0x0000000090900000|  0%| F|  |TAMS 0x0000000090800000, 0x0000000090800000| Untracked 
| 265|0x0000000090900000, 0x0000000090900000, 0x0000000090a00000|  0%| F|  |TAMS 0x0000000090900000, 0x0000000090900000| Untracked 
| 266|0x0000000090a00000, 0x0000000090a00000, 0x0000000090b00000|  0%| F|  |TAMS 0x0000000090a00000, 0x0000000090a00000| Untracked 
| 267|0x0000000090b00000, 0x0000000090c00000, 0x0000000090c00000|100%| E|  |TAMS 0x0000000090b00000, 0x0000000090b00000| Complete 
| 268|0x0000000090c00000, 0x0000000090d00000, 0x0000000090d00000|100%| E|CS|TAMS 0x0000000090c00000, 0x0000000090c00000| Complete 
| 269|0x0000000090d00000, 0x0000000090e00000, 0x0000000090e00000|100%| E|CS|TAMS 0x0000000090d00000, 0x0000000090d00000| Complete 
| 270|0x0000000090e00000, 0x0000000090f00000, 0x0000000090f00000|100%| E|CS|TAMS 0x0000000090e00000, 0x0000000090e00000| Complete 
| 271|0x0000000090f00000, 0x0000000091000000, 0x0000000091000000|100%| E|CS|TAMS 0x0000000090f00000, 0x0000000090f00000| Complete 
| 272|0x0000000091000000, 0x0000000091100000, 0x0000000091100000|100%| E|CS|TAMS 0x0000000091000000, 0x0000000091000000| Complete 
| 273|0x0000000091100000, 0x0000000091200000, 0x0000000091200000|100%| E|CS|TAMS 0x0000000091100000, 0x0000000091100000| Complete 
| 274|0x0000000091200000, 0x0000000091300000, 0x0000000091300000|100%| E|  |TAMS 0x0000000091200000, 0x0000000091200000| Complete 
| 275|0x0000000091300000, 0x0000000091400000, 0x0000000091400000|100%| E|CS|TAMS 0x0000000091300000, 0x0000000091300000| Complete 
| 276|0x0000000091400000, 0x0000000091500000, 0x0000000091500000|100%| E|CS|TAMS 0x0000000091400000, 0x0000000091400000| Complete 
| 277|0x0000000091500000, 0x0000000091600000, 0x0000000091600000|100%| E|CS|TAMS 0x0000000091500000, 0x0000000091500000| Complete 
| 278|0x0000000091600000, 0x0000000091700000, 0x0000000091700000|100%| E|CS|TAMS 0x0000000091600000, 0x0000000091600000| Complete 
| 279|0x0000000091700000, 0x0000000091800000, 0x0000000091800000|100%| E|CS|TAMS 0x0000000091700000, 0x0000000091700000| Complete 
| 280|0x0000000091800000, 0x0000000091900000, 0x0000000091900000|100%| E|CS|TAMS 0x0000000091800000, 0x0000000091800000| Complete 
| 281|0x0000000091900000, 0x0000000091a00000, 0x0000000091a00000|100%| E|CS|TAMS 0x0000000091900000, 0x0000000091900000| Complete 
| 282|0x0000000091a00000, 0x0000000091b00000, 0x0000000091b00000|100%| E|CS|TAMS 0x0000000091a00000, 0x0000000091a00000| Complete 
| 283|0x0000000091b00000, 0x0000000091c00000, 0x0000000091c00000|100%| E|CS|TAMS 0x0000000091b00000, 0x0000000091b00000| Complete 
| 284|0x0000000091c00000, 0x0000000091d00000, 0x0000000091d00000|100%| E|CS|TAMS 0x0000000091c00000, 0x0000000091c00000| Complete 
| 285|0x0000000091d00000, 0x0000000091e00000, 0x0000000091e00000|100%| E|CS|TAMS 0x0000000091d00000, 0x0000000091d00000| Complete 
| 286|0x0000000091e00000, 0x0000000091f00000, 0x0000000091f00000|100%| E|CS|TAMS 0x0000000091e00000, 0x0000000091e00000| Complete 
| 287|0x0000000091f00000, 0x0000000092000000, 0x0000000092000000|100%| E|CS|TAMS 0x0000000091f00000, 0x0000000091f00000| Complete 
| 288|0x0000000092000000, 0x0000000092100000, 0x0000000092100000|100%| E|CS|TAMS 0x0000000092000000, 0x0000000092000000| Complete 
| 289|0x0000000092100000, 0x0000000092200000, 0x0000000092200000|100%| E|CS|TAMS 0x0000000092100000, 0x0000000092100000| Complete 
| 290|0x0000000092200000, 0x0000000092300000, 0x0000000092300000|100%| E|CS|TAMS 0x0000000092200000, 0x0000000092200000| Complete 
| 291|0x0000000092300000, 0x0000000092400000, 0x0000000092400000|100%| E|CS|TAMS 0x0000000092300000, 0x0000000092300000| Complete 
| 292|0x0000000092400000, 0x0000000092500000, 0x0000000092500000|100%| E|CS|TAMS 0x0000000092400000, 0x0000000092400000| Complete 
| 293|0x0000000092500000, 0x0000000092600000, 0x0000000092600000|100%| E|CS|TAMS 0x0000000092500000, 0x0000000092500000| Complete 
| 294|0x0000000092600000, 0x0000000092700000, 0x0000000092700000|100%| E|CS|TAMS 0x0000000092600000, 0x0000000092600000| Complete 
| 295|0x0000000092700000, 0x0000000092800000, 0x0000000092800000|100%| E|CS|TAMS 0x0000000092700000, 0x0000000092700000| Complete 
| 296|0x0000000092800000, 0x0000000092900000, 0x0000000092900000|100%| E|CS|TAMS 0x0000000092800000, 0x0000000092800000| Complete 
| 297|0x0000000092900000, 0x0000000092a00000, 0x0000000092a00000|100%| E|CS|TAMS 0x0000000092900000, 0x0000000092900000| Complete 
| 298|0x0000000092a00000, 0x0000000092b00000, 0x0000000092b00000|100%| E|CS|TAMS 0x0000000092a00000, 0x0000000092a00000| Complete 
| 299|0x0000000092b00000, 0x0000000092c00000, 0x0000000092c00000|100%| E|CS|TAMS 0x0000000092b00000, 0x0000000092b00000| Complete 
| 300|0x0000000092c00000, 0x0000000092d00000, 0x0000000092d00000|100%| E|CS|TAMS 0x0000000092c00000, 0x0000000092c00000| Complete 
| 301|0x0000000092d00000, 0x0000000092e00000, 0x0000000092e00000|100%| E|CS|TAMS 0x0000000092d00000, 0x0000000092d00000| Complete 
| 302|0x0000000092e00000, 0x0000000092f00000, 0x0000000092f00000|100%| E|CS|TAMS 0x0000000092e00000, 0x0000000092e00000| Complete 
| 303|0x0000000092f00000, 0x0000000093000000, 0x0000000093000000|100%| E|CS|TAMS 0x0000000092f00000, 0x0000000092f00000| Complete 
| 304|0x0000000093000000, 0x0000000093100000, 0x0000000093100000|100%| E|CS|TAMS 0x0000000093000000, 0x0000000093000000| Complete 
| 305|0x0000000093100000, 0x0000000093200000, 0x0000000093200000|100%| E|CS|TAMS 0x0000000093100000, 0x0000000093100000| Complete 
| 306|0x0000000093200000, 0x0000000093300000, 0x0000000093300000|100%| E|CS|TAMS 0x0000000093200000, 0x0000000093200000| Complete 
| 307|0x0000000093300000, 0x0000000093400000, 0x0000000093400000|100%| E|CS|TAMS 0x0000000093300000, 0x0000000093300000| Complete 
| 308|0x0000000093400000, 0x0000000093500000, 0x0000000093500000|100%| E|CS|TAMS 0x0000000093400000, 0x0000000093400000| Complete 
| 309|0x0000000093500000, 0x0000000093600000, 0x0000000093600000|100%| E|CS|TAMS 0x0000000093500000, 0x0000000093500000| Complete 
| 310|0x0000000093600000, 0x0000000093700000, 0x0000000093700000|100%| E|CS|TAMS 0x0000000093600000, 0x0000000093600000| Complete 
| 311|0x0000000093700000, 0x0000000093800000, 0x0000000093800000|100%| E|CS|TAMS 0x0000000093700000, 0x0000000093700000| Complete 
| 312|0x0000000093800000, 0x0000000093900000, 0x0000000093900000|100%| E|CS|TAMS 0x0000000093800000, 0x0000000093800000| Complete 
| 313|0x0000000093900000, 0x0000000093a00000, 0x0000000093a00000|100%| E|CS|TAMS 0x0000000093900000, 0x0000000093900000| Complete 
| 314|0x0000000093a00000, 0x0000000093b00000, 0x0000000093b00000|100%| E|CS|TAMS 0x0000000093a00000, 0x0000000093a00000| Complete 
| 315|0x0000000093b00000, 0x0000000093c00000, 0x0000000093c00000|100%| E|CS|TAMS 0x0000000093b00000, 0x0000000093b00000| Complete 
| 316|0x0000000093c00000, 0x0000000093d00000, 0x0000000093d00000|100%| E|CS|TAMS 0x0000000093c00000, 0x0000000093c00000| Complete 
| 317|0x0000000093d00000, 0x0000000093e00000, 0x0000000093e00000|100%| E|CS|TAMS 0x0000000093d00000, 0x0000000093d00000| Complete 
| 318|0x0000000093e00000, 0x0000000093f00000, 0x0000000093f00000|100%| E|CS|TAMS 0x0000000093e00000, 0x0000000093e00000| Complete 
| 319|0x0000000093f00000, 0x0000000094000000, 0x0000000094000000|100%| E|CS|TAMS 0x0000000093f00000, 0x0000000093f00000| Complete 
| 320|0x0000000094000000, 0x0000000094100000, 0x0000000094100000|100%| E|CS|TAMS 0x0000000094000000, 0x0000000094000000| Complete 
| 321|0x0000000094100000, 0x0000000094200000, 0x0000000094200000|100%| E|CS|TAMS 0x0000000094100000, 0x0000000094100000| Complete 
| 322|0x0000000094200000, 0x0000000094300000, 0x0000000094300000|100%| E|CS|TAMS 0x0000000094200000, 0x0000000094200000| Complete 
| 323|0x0000000094300000, 0x0000000094400000, 0x0000000094400000|100%| E|CS|TAMS 0x0000000094300000, 0x0000000094300000| Complete 
| 324|0x0000000094400000, 0x0000000094500000, 0x0000000094500000|100%| E|CS|TAMS 0x0000000094400000, 0x0000000094400000| Complete 
| 325|0x0000000094500000, 0x0000000094600000, 0x0000000094600000|100%| E|CS|TAMS 0x0000000094500000, 0x0000000094500000| Complete 
| 326|0x0000000094600000, 0x0000000094700000, 0x0000000094700000|100%| E|CS|TAMS 0x0000000094600000, 0x0000000094600000| Complete 

Card table byte_map: [0x000001191f300000,0x000001191f700000] _byte_map_base: 0x000001191ef00000

Marking Bits (Prev, Next): (CMBitMap*) 0x000001190a1bfe88, (CMBitMap*) 0x000001190a1bfec0
 Prev Bits: [0x000001191fb00000, 0x0000011921b00000)
 Next Bits: [0x0000011921b00000, 0x0000011923b00000)

Polling page: 0x000001190a260000

Metaspace:

Usage:
  Non-class:    118.29 MB capacity,   115.13 MB ( 97%) used,     2.59 MB (  2%) free+waste,   586.69 KB ( <1%) overhead. 
      Class:     17.89 MB capacity,    16.06 MB ( 90%) used,     1.58 MB (  9%) free+waste,   253.75 KB (  1%) overhead. 
       Both:    136.18 MB capacity,   131.19 MB ( 96%) used,     4.17 MB (  3%) free+waste,   840.44 KB ( <1%) overhead. 

Virtual space:
  Non-class space:      120.00 MB reserved,     118.43 MB ( 99%) committed 
      Class space:        1.00 GB reserved,      17.95 MB (  2%) committed 
             Both:        1.12 GB reserved,     136.38 MB ( 12%) committed 

Chunk freelists:
   Non-Class:  7.00 KB
       Class:  18.00 KB
        Both:  25.00 KB

MaxMetaspaceSize: 17179869184.00 GB
CompressedClassSpaceSize: 1.00 GB

CodeHeap 'non-profiled nmethods': size=120000Kb used=32862Kb max_used=32862Kb free=87137Kb
 bounds [0x0000011916f60000, 0x0000011918f80000, 0x000001191e490000]
CodeHeap 'profiled nmethods': size=120000Kb used=62986Kb max_used=62986Kb free=57013Kb
 bounds [0x000001190fa30000, 0x0000011913800000, 0x0000011916f60000]
CodeHeap 'non-nmethods': size=5760Kb used=2399Kb max_used=2485Kb free=3360Kb
 bounds [0x000001190f490000, 0x000001190f710000, 0x000001190fa30000]
 total_blobs=30246 nmethods=29228 adapters=926
 compilation: enabled
              stopped_count=0, restarted_count=0
 full_count=0

Compilation events (20 events):
Event: 15215.696 Thread 0x0000011926eaf000 36364       3       com.android.build.gradle.tasks.PackageApplication_Decorated::getJniLibsUseLegacyPackaging (36 bytes)
Event: 15215.697 Thread 0x0000011926eaf000 nmethod 36364 0x00000119137f3990 code [0x00000119137f3bc0, 0x00000119137f43d8]
Event: 15215.697 Thread 0x0000011926eaf000 36365       3       com.android.build.gradle.tasks.PackageApplication_Decorated::getIsInvokedFromIde (36 bytes)
Event: 15215.697 Thread 0x0000011926eaf000 nmethod 36365 0x00000119137f4610 code [0x00000119137f4840, 0x00000119137f5058]
Event: 15215.697 Thread 0x0000011926eaf000 36366       3       com.android.build.gradle.tasks.PackageApplication_Decorated::getSigningConfigVersions (34 bytes)
Event: 15215.698 Thread 0x0000011926eaf000 nmethod 36366 0x00000119137f5290 code [0x00000119137f54c0, 0x00000119137f5cb8]
Event: 15215.700 Thread 0x0000011926eaf000 36367       3       com.android.build.gradle.internal.res.LinkApplicationAndroidResourcesTask_Decorated::getApplicationId (37 bytes)
Event: 15215.701 Thread 0x0000011926eaf000 nmethod 36367 0x00000119137f5f10 code [0x00000119137f6140, 0x00000119137f6958]
Event: 15215.701 Thread 0x0000011926eaf000 36368       3       com.android.build.gradle.internal.res.LinkApplicationAndroidResourcesTask_Decorated::getResourceConfigs (37 bytes)
Event: 15215.702 Thread 0x0000011926eaf000 nmethod 36368 0x00000119137f6b90 code [0x00000119137f6dc0, 0x00000119137f75d8]
Event: 15215.702 Thread 0x0000011926eaf000 36369       3       com.android.build.gradle.internal.res.LinkApplicationAndroidResourcesTask_Decorated::getTextSymbolOutputFileProperty (44 bytes)
Event: 15215.703 Thread 0x0000011926eaf000 nmethod 36369 0x00000119137f7810 code [0x00000119137f7ac0, 0x00000119137f8bd8]
Event: 15215.703 Thread 0x0000011926eaf000 36370       3       com.android.build.gradle.internal.res.LinkApplicationAndroidResourcesTask_Decorated::getSymbolsWithPackageNameOutputFile (44 bytes)
Event: 15215.703 Thread 0x0000011926eaf000 nmethod 36370 0x00000119137f9010 code [0x00000119137f92c0, 0x00000119137fa3d8]
Event: 15215.766 Thread 0x0000011926eaf000 36372       3       com.android.build.gradle.internal.SdkComponentsBuildService$VersionedSdkLoader$androidJarProvider$1::call (5 bytes)
Event: 15215.767 Thread 0x0000011926eaf000 nmethod 36372 0x00000119137fa810 code [0x00000119137faa80, 0x00000119137fb518]
Event: 15215.767 Thread 0x0000011926eaf000 36373       3       com.android.build.gradle.tasks.MergeResources_Decorated::getIncrementalFolder (44 bytes)
Event: 15215.768 Thread 0x0000011926eaf000 nmethod 36373 0x00000119137fb890 code [0x00000119137fbb40, 0x00000119137fcc58]
Event: 15215.894 Thread 0x0000011926eae000 nmethod 36358 0x0000011918f70e90 code [0x0000011918f71680, 0x0000011918f79290]
Event: 15215.894 Thread 0x0000011926eae000 36362       4       org.jetbrains.kotlin.gradle.plugin.Android25ProjectHandler::getLibraryOutputTask (178 bytes)

GC Heap History (20 events):
Event: 13474.042 GC heap before
{Heap before GC invocations=218 (full 0):
 garbage-first heap   total 333824K, used 139368K [0x0000000080000000, 0x0000000100000000)
  region size 1024K, 26 young (26624K), 2 survivors (2048K)
 Metaspace       used 133776K, capacity 138855K, committed 139136K, reserved 1169408K
  class space    used 16441K, capacity 18311K, committed 18380K, reserved 1048576K
}
Event: 13474.056 GC heap after
{Heap after GC invocations=219 (full 0):
 garbage-first heap   total 333824K, used 115659K [0x0000000080000000, 0x0000000100000000)
  region size 1024K, 2 young (2048K), 2 survivors (2048K)
 Metaspace       used 133776K, capacity 138855K, committed 139136K, reserved 1169408K
  class space    used 16441K, capacity 18311K, committed 18380K, reserved 1048576K
}
Event: 14620.363 GC heap before
{Heap before GC invocations=220 (full 0):
 garbage-first heap   total 333824K, used 311243K [0x0000000080000000, 0x0000000100000000)
  region size 1024K, 148 young (151552K), 2 survivors (2048K)
 Metaspace       used 133824K, capacity 138859K, committed 139136K, reserved 1169408K
  class space    used 16441K, capacity 18311K, committed 18380K, reserved 1048576K
}
Event: 14620.411 GC heap after
{Heap after GC invocations=221 (full 0):
 garbage-first heap   total 333824K, used 126895K [0x0000000080000000, 0x0000000100000000)
  region size 1024K, 13 young (13312K), 13 survivors (13312K)
 Metaspace       used 133824K, capacity 138859K, committed 139136K, reserved 1169408K
  class space    used 16441K, capacity 18311K, committed 18380K, reserved 1048576K
}
Event: 14620.419 GC heap before
{Heap before GC invocations=221 (full 0):
 garbage-first heap   total 333824K, used 128943K [0x0000000080000000, 0x0000000100000000)
  region size 1024K, 16 young (16384K), 13 survivors (13312K)
 Metaspace       used 133824K, capacity 138859K, committed 139136K, reserved 1169408K
  class space    used 16441K, capacity 18311K, committed 18380K, reserved 1048576K
}
Event: 14620.476 GC heap after
{Heap after GC invocations=222 (full 0):
 garbage-first heap   total 333824K, used 118292K [0x0000000080000000, 0x0000000100000000)
  region size 1024K, 1 young (1024K), 1 survivors (1024K)
 Metaspace       used 133824K, capacity 138859K, committed 139136K, reserved 1169408K
  class space    used 16441K, capacity 18311K, committed 18380K, reserved 1048576K
}
Event: 14624.082 GC heap before
{Heap before GC invocations=222 (full 0):
 garbage-first heap   total 333824K, used 200212K [0x0000000080000000, 0x0000000100000000)
  region size 1024K, 83 young (84992K), 1 survivors (1024K)
 Metaspace       used 133910K, capacity 138999K, committed 139136K, reserved 1169408K
  class space    used 16443K, capacity 18313K, committed 18380K, reserved 1048576K
}
Event: 14624.101 GC heap after
{Heap after GC invocations=223 (full 0):
 garbage-first heap   total 333824K, used 119767K [0x0000000080000000, 0x0000000100000000)
  region size 1024K, 3 young (3072K), 3 survivors (3072K)
 Metaspace       used 133910K, capacity 138999K, committed 139136K, reserved 1169408K
  class space    used 16443K, capacity 18313K, committed 18380K, reserved 1048576K
}
Event: 14873.563 GC heap before
{Heap before GC invocations=224 (full 0):
 garbage-first heap   total 333824K, used 327639K [0x0000000080000000, 0x0000000100000000)
  region size 1024K, 149 young (152576K), 3 survivors (3072K)
 Metaspace       used 134132K, capacity 139225K, committed 139392K, reserved 1171456K
  class space    used 16436K, capacity 18300K, committed 18380K, reserved 1048576K
}
Event: 14873.622 GC heap after
{Heap after GC invocations=225 (full 0):
 garbage-first heap   total 334848K, used 122198K [0x0000000080000000, 0x0000000100000000)
  region size 1024K, 5 young (5120K), 5 survivors (5120K)
 Metaspace       used 134132K, capacity 139225K, committed 139392K, reserved 1171456K
  class space    used 16436K, capacity 18300K, committed 18380K, reserved 1048576K
}
Event: 14873.984 GC heap before
{Heap before GC invocations=225 (full 0):
 garbage-first heap   total 334848K, used 132438K [0x0000000080000000, 0x0000000100000000)
  region size 1024K, 16 young (16384K), 5 survivors (5120K)
 Metaspace       used 134134K, capacity 139225K, committed 139392K, reserved 1171456K
  class space    used 16436K, capacity 18300K, committed 18380K, reserved 1048576K
}
Event: 14874.091 GC heap after
{Heap after GC invocations=226 (full 0):
 garbage-first heap   total 334848K, used 111673K [0x0000000080000000, 0x0000000100000000)
  region size 1024K, 2 young (2048K), 2 survivors (2048K)
 Metaspace       used 134134K, capacity 139225K, committed 139392K, reserved 1171456K
  class space    used 16436K, capacity 18300K, committed 18380K, reserved 1048576K
}
Event: 14877.651 GC heap before
{Heap before GC invocations=226 (full 0):
 garbage-first heap   total 334848K, used 174137K [0x0000000080000000, 0x0000000100000000)
  region size 1024K, 65 young (66560K), 2 survivors (2048K)
 Metaspace       used 134172K, capacity 139264K, committed 139392K, reserved 1171456K
  class space    used 16440K, capacity 18307K, committed 18380K, reserved 1048576K
}
Event: 14877.672 GC heap after
{Heap after GC invocations=227 (full 0):
 garbage-first heap   total 334848K, used 113828K [0x0000000080000000, 0x0000000100000000)
  region size 1024K, 5 young (5120K), 5 survivors (5120K)
 Metaspace       used 134172K, capacity 139264K, committed 139392K, reserved 1171456K
  class space    used 16440K, capacity 18307K, committed 18380K, reserved 1048576K
}
Event: 15160.592 GC heap before
{Heap before GC invocations=228 (full 0):
 garbage-first heap   total 334848K, used 303268K [0x0000000080000000, 0x0000000100000000)
  region size 1024K, 133 young (136192K), 5 survivors (5120K)
 Metaspace       used 134262K, capacity 139358K, committed 139648K, reserved 1171456K
  class space    used 16441K, capacity 18310K, committed 18380K, reserved 1048576K
}
Event: 15160.640 GC heap after
{Heap after GC invocations=229 (full 0):
 garbage-first heap   total 334848K, used 114432K [0x0000000080000000, 0x0000000100000000)
  region size 1024K, 5 young (5120K), 5 survivors (5120K)
 Metaspace       used 134262K, capacity 139358K, committed 139648K, reserved 1171456K
  class space    used 16441K, capacity 18310K, committed 18380K, reserved 1048576K
}
Event: 15160.960 GC heap before
{Heap before GC invocations=229 (full 0):
 garbage-first heap   total 334848K, used 124672K [0x0000000080000000, 0x0000000100000000)
  region size 1024K, 16 young (16384K), 5 survivors (5120K)
 Metaspace       used 134264K, capacity 139358K, committed 139648K, reserved 1171456K
  class space    used 16441K, capacity 18310K, committed 18380K, reserved 1048576K
}
Event: 15161.039 GC heap after
{Heap after GC invocations=230 (full 0):
 garbage-first heap   total 334848K, used 105293K [0x0000000080000000, 0x0000000100000000)
  region size 1024K, 2 young (2048K), 2 survivors (2048K)
 Metaspace       used 134264K, capacity 139358K, committed 139648K, reserved 1171456K
  class space    used 16441K, capacity 18310K, committed 18380K, reserved 1048576K
}
Event: 15169.402 GC heap before
{Heap before GC invocations=230 (full 0):
 garbage-first heap   total 334848K, used 192333K [0x0000000080000000, 0x0000000100000000)
  region size 1024K, 89 young (91136K), 2 survivors (2048K)
 Metaspace       used 134327K, capacity 139451K, committed 139648K, reserved 1171456K
  class space    used 16446K, capacity 18318K, committed 18380K, reserved 1048576K
}
Event: 15169.437 GC heap after
{Heap after GC invocations=231 (full 0):
 garbage-first heap   total 334848K, used 110185K [0x0000000080000000, 0x0000000100000000)
  region size 1024K, 7 young (7168K), 7 survivors (7168K)
 Metaspace       used 134327K, capacity 139451K, committed 139648K, reserved 1171456K
  class space    used 16446K, capacity 18318K, committed 18380K, reserved 1048576K
}

Deoptimization events (20 events):
Event: 15086.053 Thread 0x000001192e02a000 Uncommon trap: trap_request=0xffffffbe fr.pc=0x0000011918ef3884 relative=0x0000000000000f64
Event: 15086.053 Thread 0x000001192e02a000 Uncommon trap: reason=profile_predicate action=maybe_recompile pc=0x0000011918ef3884 method=com.android.tools.r8.internal.x.putAll(Ljava/util/Map;)V @ 31 c2
Event: 15086.053 Thread 0x000001192e02a000 DEOPT PACKING pc=0x0000011918ef3884 sp=0x000000145a0fbcd0
Event: 15086.053 Thread 0x000001192e02a000 DEOPT UNPACKING pc=0x000001190f4983af sp=0x000000145a0fbca8 mode 2
Event: 15086.169 Thread 0x0000011930d76000 Uncommon trap: trap_request=0xffffffbe fr.pc=0x0000011918ed7548 relative=0x0000000000001c08
Event: 15086.169 Thread 0x0000011930d76000 Uncommon trap: reason=profile_predicate action=maybe_recompile pc=0x0000011918ed7548 method=com.sun.org.apache.xerces.internal.parsers.XML11Configuration.setFeature(Ljava/lang/String;Z)V @ 63 c2
Event: 15086.169 Thread 0x0000011930d76000 DEOPT PACKING pc=0x0000011918ed7548 sp=0x00000014599fcb10
Event: 15086.169 Thread 0x0000011930d76000 DEOPT UNPACKING pc=0x000001190f4983af sp=0x00000014599fcae0 mode 2
Event: 15086.169 Thread 0x0000011930d76000 Uncommon trap: trap_request=0xffffffbe fr.pc=0x0000011918ed7548 relative=0x0000000000001c08
Event: 15086.169 Thread 0x0000011930d76000 Uncommon trap: reason=profile_predicate action=maybe_recompile pc=0x0000011918ed7548 method=com.sun.org.apache.xerces.internal.parsers.XML11Configuration.setFeature(Ljava/lang/String;Z)V @ 63 c2
Event: 15086.169 Thread 0x0000011930d76000 DEOPT PACKING pc=0x0000011918ed7548 sp=0x00000014599fcba0
Event: 15086.169 Thread 0x0000011930d76000 DEOPT UNPACKING pc=0x000001190f4983af sp=0x00000014599fcb70 mode 2
Event: 15169.103 Thread 0x0000011930d71800 DEOPT PACKING pc=0x0000011910ce4048 sp=0x000000145a0fc450
Event: 15169.104 Thread 0x0000011930d71800 DEOPT UNPACKING pc=0x000001190f4b7c0e sp=0x000000145a0fb9e0 mode 0
Event: 15169.107 Thread 0x0000011930d71800 DEOPT PACKING pc=0x00000119130ccb74 sp=0x000000145a0fbdf0
Event: 15169.107 Thread 0x0000011930d71800 DEOPT UNPACKING pc=0x000001190f4b7c0e sp=0x000000145a0fb468 mode 0
Event: 15169.231 Thread 0x000001192e02d800 DEOPT PACKING pc=0x0000011910986356 sp=0x000000145a6fdd70
Event: 15169.231 Thread 0x000001192e02d800 DEOPT UNPACKING pc=0x000001190f4b7c0e sp=0x000000145a6fd2c8 mode 0
Event: 15215.682 Thread 0x0000011929809000 DEOPT PACKING pc=0x0000011912bcb56f sp=0x0000001456dfa9f0
Event: 15215.682 Thread 0x0000011929809000 DEOPT UNPACKING pc=0x000001190f4b7c0e sp=0x0000001456df9ef0 mode 0

Classes redefined (0 events):
No events

Internal exceptions (20 events):
Event: 15160.844 Thread 0x0000011929809000 Exception <a 'sun/nio/fs/WindowsException'{0x0000000093d02bc0}> (0x0000000093d02bc0) thrown at [./src/hotspot/share/prims/jni.cpp, line 615]
Event: 15162.293 Thread 0x0000011929809000 Exception <a 'sun/nio/fs/WindowsException'{0x0000000093e22940}> (0x0000000093e22940) thrown at [./src/hotspot/share/prims/jni.cpp, line 615]
Event: 15162.426 Thread 0x0000011929809000 Exception <a 'sun/nio/fs/WindowsException'{0x0000000093ec34e0}> (0x0000000093ec34e0) thrown at [./src/hotspot/share/prims/jni.cpp, line 615]
Event: 15162.428 Thread 0x0000011929809000 Exception <a 'sun/nio/fs/WindowsException'{0x0000000093ec4480}> (0x0000000093ec4480) thrown at [./src/hotspot/share/prims/jni.cpp, line 615]
Event: 15162.428 Thread 0x0000011929809000 Exception <a 'sun/nio/fs/WindowsException'{0x0000000093ec5470}> (0x0000000093ec5470) thrown at [./src/hotspot/share/prims/jni.cpp, line 615]
Event: 15162.428 Thread 0x0000011929809000 Exception <a 'sun/nio/fs/WindowsException'{0x0000000093ec6460}> (0x0000000093ec6460) thrown at [./src/hotspot/share/prims/jni.cpp, line 615]
Event: 15164.090 Thread 0x0000011930d74000 Exception <a 'java/lang/InterruptedException'{0x0000000091d7cff8}> (0x0000000091d7cff8) thrown at [./src/hotspot/share/runtime/objectMonitor.cpp, line 1635]
Event: 15167.735 Thread 0x0000011930d71800 Exception <a 'sun/nio/fs/WindowsException'{0x0000000090903778}> (0x0000000090903778) thrown at [./src/hotspot/share/prims/jni.cpp, line 615]
Event: 15169.150 Thread 0x0000011930d71800 Exception <a 'sun/nio/fs/WindowsException'{0x00000000904a9de0}> (0x00000000904a9de0) thrown at [./src/hotspot/share/prims/jni.cpp, line 615]
Event: 15169.157 Thread 0x0000011930d71800 Exception <a 'sun/nio/fs/WindowsException'{0x00000000904ffce8}> (0x00000000904ffce8) thrown at [./src/hotspot/share/prims/jni.cpp, line 615]
Event: 15169.222 Thread 0x000001192e02d800 Exception <a 'sun/nio/fs/WindowsException'{0x00000000901c91e8}> (0x00000000901c91e8) thrown at [./src/hotspot/share/prims/jni.cpp, line 615]
Event: 15169.222 Thread 0x0000011930d78000 Exception <a 'sun/nio/fs/WindowsException'{0x00000000901b7860}> (0x00000000901b7860) thrown at [./src/hotspot/share/prims/jni.cpp, line 615]
Event: 15169.237 Thread 0x000001192e02d800 Exception <a 'sun/nio/fs/WindowsException'{0x000000008fe8eae8}> (0x000000008fe8eae8) thrown at [./src/hotspot/share/prims/jni.cpp, line 615]
Event: 15169.237 Thread 0x0000011930d78000 Exception <a 'sun/nio/fs/WindowsException'{0x000000008fed7170}> (0x000000008fed7170) thrown at [./src/hotspot/share/prims/jni.cpp, line 615]
Event: 15215.554 Thread 0x0000011929809000 Exception <a 'sun/nio/fs/WindowsException'{0x0000000092fbb360}> (0x0000000092fbb360) thrown at [./src/hotspot/share/prims/jni.cpp, line 615]
Event: 15215.709 Thread 0x0000011929809000 Exception <a 'sun/nio/fs/WindowsException'{0x000000009260c640}> (0x000000009260c640) thrown at [./src/hotspot/share/prims/jni.cpp, line 615]
Event: 15215.730 Thread 0x0000011929809000 Exception <a 'sun/nio/fs/WindowsException'{0x00000000926a6ed0}> (0x00000000926a6ed0) thrown at [./src/hotspot/share/prims/jni.cpp, line 615]
Event: 15215.730 Thread 0x0000011929809000 Exception <a 'sun/nio/fs/WindowsException'{0x00000000926a7e70}> (0x00000000926a7e70) thrown at [./src/hotspot/share/prims/jni.cpp, line 615]
Event: 15215.730 Thread 0x0000011929809000 Exception <a 'sun/nio/fs/WindowsException'{0x00000000926a8e60}> (0x00000000926a8e60) thrown at [./src/hotspot/share/prims/jni.cpp, line 615]
Event: 15215.730 Thread 0x0000011929809000 Exception <a 'sun/nio/fs/WindowsException'{0x00000000926a9e50}> (0x00000000926a9e50) thrown at [./src/hotspot/share/prims/jni.cpp, line 615]

Events (20 events):
Event: 15215.903 Executing VM operation: RevokeBias
Event: 15215.903 Executing VM operation: RevokeBias done
Event: 15215.911 Executing VM operation: RevokeBias
Event: 15215.911 Executing VM operation: RevokeBias done
Event: 15215.911 Executing VM operation: RevokeBias
Event: 15215.911 Executing VM operation: RevokeBias done
Event: 15215.914 Executing VM operation: RevokeBias
Event: 15215.914 Executing VM operation: RevokeBias done
Event: 15215.958 Executing VM operation: RevokeBias
Event: 15215.958 Executing VM operation: RevokeBias done
Event: 15215.968 Executing VM operation: RevokeBias
Event: 15215.969 Executing VM operation: RevokeBias done
Event: 15215.970 Executing VM operation: RevokeBias
Event: 15215.970 Executing VM operation: RevokeBias done
Event: 15215.970 Executing VM operation: RevokeBias
Event: 15215.970 Executing VM operation: RevokeBias done
Event: 15215.970 Executing VM operation: RevokeBias
Event: 15215.970 Executing VM operation: RevokeBias done
Event: 15215.990 Executing VM operation: RevokeBias
Event: 15215.990 Executing VM operation: RevokeBias done


Dynamic libraries:
0x00007ff60e890000 - 0x00007ff60e89a000 	C:\Program Files\Android\Android Studio\jre\bin\java.exe
0x00007ff95fae0000 - 0x00007ff95fce9000 	C:\WINDOWS\SYSTEM32\ntdll.dll
0x00007ff95f3b0000 - 0x00007ff95f46d000 	C:\WINDOWS\System32\KERNEL32.DLL
0x00007ff95d3d0000 - 0x00007ff95d744000 	C:\WINDOWS\System32\KERNELBASE.dll
0x00007ff95cfd0000 - 0x00007ff95d0e1000 	C:\WINDOWS\System32\ucrtbase.dll
0x00007ff92f850000 - 0x00007ff92f869000 	C:\Program Files\Android\Android Studio\jre\bin\jli.dll
0x00007ff92cb10000 - 0x00007ff92cb27000 	C:\Program Files\Android\Android Studio\jre\bin\VCRUNTIME140.dll
0x00007ff95e2d0000 - 0x00007ff95e47c000 	C:\WINDOWS\System32\USER32.dll
0x00007ff95d320000 - 0x00007ff95d346000 	C:\WINDOWS\System32\win32u.dll
0x00007ff9342b0000 - 0x00007ff934555000 	C:\WINDOWS\WinSxS\amd64_microsoft.windows.common-controls_6595b64144ccf1df_6.0.22000.120_none_9d947278b86cc467\COMCTL32.dll
0x00007ff95d980000 - 0x00007ff95d9a9000 	C:\WINDOWS\System32\GDI32.dll
0x00007ff95f4d0000 - 0x00007ff95f573000 	C:\WINDOWS\System32\msvcrt.dll
0x00007ff95d0f0000 - 0x00007ff95d202000 	C:\WINDOWS\System32\gdi32full.dll
0x00007ff95d210000 - 0x00007ff95d2ad000 	C:\WINDOWS\System32\msvcp_win.dll
0x00007ff95da60000 - 0x00007ff95da91000 	C:\WINDOWS\System32\IMM32.DLL
0x00007ff92bb80000 - 0x00007ff92bc1d000 	C:\Program Files\Android\Android Studio\jre\bin\msvcp140.dll
0x00007ff8f7a10000 - 0x00007ff8f84e5000 	C:\Program Files\Android\Android Studio\jre\bin\server\jvm.dll
0x00007ff95d9b0000 - 0x00007ff95da5e000 	C:\WINDOWS\System32\ADVAPI32.dll
0x00007ff95e060000 - 0x00007ff95e0fe000 	C:\WINDOWS\System32\sechost.dll
0x00007ff95df40000 - 0x00007ff95e060000 	C:\WINDOWS\System32\RPCRT4.dll
0x00007ff95ec50000 - 0x00007ff95ec58000 	C:\WINDOWS\System32\PSAPI.DLL
0x00007ff93ef30000 - 0x00007ff93ef39000 	C:\WINDOWS\SYSTEM32\WSOCK32.dll
0x00007ff957c70000 - 0x00007ff957ca3000 	C:\WINDOWS\SYSTEM32\WINMM.dll
0x00007ff953740000 - 0x00007ff95374a000 	C:\WINDOWS\SYSTEM32\VERSION.dll
0x00007ff95ed90000 - 0x00007ff95edff000 	C:\WINDOWS\System32\WS2_32.dll
0x00007ff95c1c0000 - 0x00007ff95c1d8000 	C:\WINDOWS\SYSTEM32\kernel.appcore.dll
0x00007ff94acb0000 - 0x00007ff94acc1000 	C:\Program Files\Android\Android Studio\jre\bin\verify.dll
0x00007ff95a290000 - 0x00007ff95a4b1000 	C:\WINDOWS\SYSTEM32\DBGHELP.DLL
0x00007ff950cc0000 - 0x00007ff950cf1000 	C:\WINDOWS\SYSTEM32\dbgcore.DLL
0x00007ff95d350000 - 0x00007ff95d3cf000 	C:\WINDOWS\System32\bcryptPrimitives.dll
0x00007ff945f10000 - 0x00007ff945f39000 	C:\Program Files\Android\Android Studio\jre\bin\java.dll
0x00007ff959e20000 - 0x00007ff959e2b000 	C:\Program Files\Android\Android Studio\jre\bin\jimage.dll
0x00007ff943780000 - 0x00007ff943798000 	C:\Program Files\Android\Android Studio\jre\bin\zip.dll
0x00007ff95e480000 - 0x00007ff95ec2e000 	C:\WINDOWS\System32\SHELL32.dll
0x00007ff95b150000 - 0x00007ff95b9b8000 	C:\WINDOWS\SYSTEM32\windows.storage.dll
0x00007ff95dab0000 - 0x00007ff95de28000 	C:\WINDOWS\System32\combase.dll
0x00007ff95afd0000 - 0x00007ff95b136000 	C:\WINDOWS\SYSTEM32\wintypes.dll
0x00007ff95de30000 - 0x00007ff95df1a000 	C:\WINDOWS\System32\SHCORE.dll
0x00007ff95e1e0000 - 0x00007ff95e23d000 	C:\WINDOWS\System32\shlwapi.dll
0x00007ff95cf00000 - 0x00007ff95cf21000 	C:\WINDOWS\SYSTEM32\profapi.dll
0x00007ff93f5e0000 - 0x00007ff93f5fa000 	C:\Program Files\Android\Android Studio\jre\bin\net.dll
0x00007ff958b20000 - 0x00007ff958c2c000 	C:\WINDOWS\SYSTEM32\WINHTTP.dll
0x00007ff95c5f0000 - 0x00007ff95c657000 	C:\WINDOWS\system32\mswsock.dll
0x00007ff93ef70000 - 0x00007ff93ef84000 	C:\Program Files\Android\Android Studio\jre\bin\nio.dll
0x00007ff938810000 - 0x00007ff938837000 	C:\Users\LENOVO\.gradle\native\8bec1ad78214c89d9ad589b4d07fe93259594b29d510b10fafb7a158f7737e5d\windows-amd64\native-platform.dll
0x00007ff92a2b0000 - 0x00007ff92a3ed000 	C:\Users\LENOVO\.gradle\native\53dbd7edfb1c66fb8903c78663c9afc45aea4f116125fa6feffd364cf09443e8\windows-amd64\native-platform-file-events.dll
0x00007ff958a30000 - 0x00007ff958a3a000 	C:\Program Files\Android\Android Studio\jre\bin\management.dll
0x00007ff9585f0000 - 0x00007ff9585fd000 	C:\Program Files\Android\Android Studio\jre\bin\management_ext.dll
0x00007ff95c830000 - 0x00007ff95c848000 	C:\WINDOWS\SYSTEM32\CRYPTSP.dll
0x00007ff95c120000 - 0x00007ff95c155000 	C:\WINDOWS\system32\rsaenh.dll
0x00007ff95c6e0000 - 0x00007ff95c709000 	C:\WINDOWS\SYSTEM32\USERENV.dll
0x00007ff95c9b0000 - 0x00007ff95c9d7000 	C:\WINDOWS\SYSTEM32\bcrypt.dll
0x00007ff95c850000 - 0x00007ff95c85c000 	C:\WINDOWS\SYSTEM32\CRYPTBASE.dll
0x00007ff95bc70000 - 0x00007ff95bc9d000 	C:\WINDOWS\SYSTEM32\IPHLPAPI.DLL
0x00007ff95ec30000 - 0x00007ff95ec39000 	C:\WINDOWS\System32\NSI.dll
0x00007ff957c00000 - 0x00007ff957c19000 	C:\WINDOWS\SYSTEM32\dhcpcsvc6.DLL
0x00007ff957fc0000 - 0x00007ff957fde000 	C:\WINDOWS\SYSTEM32\dhcpcsvc.DLL
0x00007ff95bca0000 - 0x00007ff95bd87000 	C:\WINDOWS\SYSTEM32\DNSAPI.dll
0x00007ff938890000 - 0x00007ff9388ae000 	C:\Users\LENOVO\AppData\Local\Temp\native-platform15842112811872492163dir\native-platform.dll
0x00007ff93f600000 - 0x00007ff93f608000 	C:\Program Files\Android\Android Studio\jre\bin\rmi.dll
0x00007ff93a750000 - 0x00007ff93a767000 	C:\WINDOWS\system32\napinsp.dll
0x00007ff938ad0000 - 0x00007ff938aeb000 	C:\WINDOWS\system32\pnrpnsp.dll
0x00007ff938a80000 - 0x00007ff938a92000 	C:\WINDOWS\System32\winrnr.dll
0x00007ff938a60000 - 0x00007ff938a75000 	C:\WINDOWS\system32\wshbth.dll
0x00007ff938a40000 - 0x00007ff938a5f000 	C:\WINDOWS\system32\nlansp_c.dll
0x00007ff952c70000 - 0x00007ff952c7a000 	C:\Windows\System32\rasadhlp.dll
0x00007ff953210000 - 0x00007ff953291000 	C:\WINDOWS\System32\fwpuclnt.dll
0x00007ff938840000 - 0x00007ff938867000 	C:\Program Files\Android\Android Studio\jre\bin\sunec.dll

dbghelp: loaded successfully - version: 4.0.5 - missing functions: none
symbol engine: initialized successfully - sym options: 0x614 - pdb path: .;C:\Program Files\Android\Android Studio\jre\bin;C:\WINDOWS\SYSTEM32;C:\WINDOWS\WinSxS\amd64_microsoft.windows.common-controls_6595b64144ccf1df_6.0.22000.120_none_9d947278b86cc467;C:\Program Files\Android\Android Studio\jre\bin\server;C:\Users\LENOVO\.gradle\native\8bec1ad78214c89d9ad589b4d07fe93259594b29d510b10fafb7a158f7737e5d\windows-amd64;C:\Users\LENOVO\.gradle\native\53dbd7edfb1c66fb8903c78663c9afc45aea4f116125fa6feffd364cf09443e8\windows-amd64;C:\Users\LENOVO\AppData\Local\Temp\native-platform15842112811872492163dir

VM Arguments:
jvm_args: --add-opens=java.base/java.util=ALL-UNNAMED --add-opens=java.base/java.lang=ALL-UNNAMED --add-opens=java.base/java.lang.invoke=ALL-UNNAMED --add-opens=java.base/java.util=ALL-UNNAMED --add-opens=java.prefs/java.util.prefs=ALL-UNNAMED --add-opens=java.prefs/java.util.prefs=ALL-UNNAMED --add-opens=java.base/java.nio.charset=ALL-UNNAMED --add-opens=java.base/java.net=ALL-UNNAMED --add-opens=java.base/java.util.concurrent.atomic=ALL-UNNAMED -Xmx2048m -Dfile.encoding=UTF-8 -Duser.country=US -Duser.language=en -Duser.variant 
java_command: org.gradle.launcher.daemon.bootstrap.GradleDaemon 7.0.2
java_class_path (initial): C:\Users\LENOVO\.gradle\wrapper\dists\gradle-7.0.2-bin\857tjihv64xamwrf0h14cai3r\gradle-7.0.2\lib\gradle-launcher-7.0.2.jar
Launcher Type: SUN_STANDARD

[Global flags]
     intx CICompilerCount                          = 4                                         {product} {ergonomic}
     uint ConcGCThreads                            = 2                                         {product} {ergonomic}
     uint G1ConcRefinementThreads                  = 8                                         {product} {ergonomic}
   size_t G1HeapRegionSize                         = 1048576                                   {product} {ergonomic}
    uintx GCDrainStackTargetSize                   = 64                                        {product} {ergonomic}
   size_t InitialHeapSize                          = 266338304                                 {product} {ergonomic}
   size_t MarkStackSize                            = 4194304                                   {product} {ergonomic}
   size_t MaxHeapSize                              = 2147483648                                {product} {command line}
   size_t MaxNewSize                               = 1287651328                                {product} {ergonomic}
   size_t MinHeapDeltaBytes                        = 1048576                                   {product} {ergonomic}
    uintx NonNMethodCodeHeapSize                   = 5836300                                {pd product} {ergonomic}
    uintx NonProfiledCodeHeapSize                  = 122910970                              {pd product} {ergonomic}
    uintx ProfiledCodeHeapSize                     = 122910970                              {pd product} {ergonomic}
    uintx ReservedCodeCacheSize                    = 251658240                              {pd product} {ergonomic}
     bool SegmentedCodeCache                       = true                                      {product} {ergonomic}
     bool UseCompressedClassPointers               = true                                 {lp64_product} {ergonomic}
     bool UseCompressedOops                        = true                                 {lp64_product} {ergonomic}
     bool UseG1GC                                  = true                                      {product} {ergonomic}
     bool UseLargePagesIndividualAllocation        = false                                  {pd product} {ergonomic}

Logging:
Log output configuration:
 #0: stdout all=warning uptime,level,tags
 #1: stderr all=off uptime,level,tags

Environment Variables:
PATH=C:\Program Files\Common Files\Oracle\Java\javapath;C:\Program Files\Microsoft MPI\Bin\;C:\WINDOWS\system32;C:\WINDOWS;C:\WINDOWS\System32\Wbem;C:\WINDOWS\System32\WindowsPowerShell\v1.0\;C:\WINDOWS\System32\OpenSSH\;C:\Program Files\Azure Data Studio\bin;C:\Program Files\nodejs\;C:\Program Files\Git\cmd;C:\Program Files\heroku\bin;D:\xampp\php;C:\composer;C:\Users\LENOVO\AppData\Local\Programs\Python\Python39\Scripts\;C:\Users\LENOVO\AppData\Local\Programs\Python\Python39\;C:\Program Files\MySQL\MySQL Shell 8.0\bin\;C:\Users\LENOVO\AppData\Local\Microsoft\WindowsApps;C:\Users\LENOVO\AppData\Local\Programs\Microsoft VS Code\bin;C:\Program Files\Azure Data Studio\bin;C:\Users\LENOVO\AppData\Roaming\npm;C:\Program Files\heroku\bin;C:\Users\LENOVO\AppData\Roaming\Composer\vendor\bin;D:\xampp\php;
USERNAME=LENOVO
OS=Windows_NT
PROCESSOR_IDENTIFIER=Intel64 Family 6 Model 140 Stepping 1, GenuineIntel



---------------  S Y S T E M  ---------------

OS: Windows 10 , 64 bit Build 22000 (10.0.22000.434)
OS uptime: 2 days 0:06 hours

CPU:total 8 (initial active 8) (4 cores per cpu, 2 threads per core) family 6 model 140 stepping 1 microcode 0x8a, cmov, cx8, fxsr, mmx, sse, sse2, sse3, ssse3, sse4.1, sse4.2, popcnt, avx, avx2, aes, clmul, erms, 3dnowpref, lzcnt, ht, tsc, tscinvbit, bmi1, bmi2, adx, evex, sha, fma

Memory: 4k page, system-wide physical 16167M (61M free)
TotalPageFile size 31639M (AvailPageFile size 4M)
current process WorkingSet (physical memory assigned to process): 358M, peak: 683M
current process commit charge ("private bytes"): 792M, peak: 796M

vm_info: OpenJDK 64-Bit Server VM (11.0.11+9-b60-7590822) for windows-amd64 JRE (11.0.11+9-b60-7590822), built on Jul 29 2021 21:43:44 by "builder" with MS VC++ 14.0 (VS2015)

END.
